2019-04-08 16:05:01,628 INFO "GET /v1/user/1/?userId=1&token=331c6827feb01fd2a611e8db3c99f062c71fbdc3 HTTP/1.1" 200 92
2019-04-08 16:05:48,209 INFO "GET /v1/user/1/?userId=1&token=331c6827feb01fd2a611e8db3c99f062c71fbdc3 HTTP/1.1" 200 92
2019-04-08 16:17:51,166 INFO "GET /v1/user/1/?userId=1&token=331c6827feb01fd2a611e8db3c99f062c71fbdc3 HTTP/1.1" 200 92
2019-04-08 16:21:46,590 INFO "GET / HTTP/1.1" 200 523
2019-04-08 16:21:46,712 INFO "GET /static/js/manifest.2ae2e69a05c33dfc65f8.js HTTP/1.1" 304 0
2019-04-08 16:21:46,714 INFO "GET /static/css/app.3e988a83186072bfd3795a1a19803686.css HTTP/1.1" 304 0
2019-04-08 16:21:46,716 INFO "GET /static/js/vendor.07ad04386f072d200144.js HTTP/1.1" 304 0
2019-04-08 16:21:46,725 INFO "GET /static/js/app.98e27181c7c772bdb06e.js HTTP/1.1" 304 0
2019-04-08 16:21:47,312 INFO "GET /static/img/login-img.ca4e6fe.png HTTP/1.1" 304 0
2019-04-08 16:31:21,798 INFO "GET /v1/user/1/?userId=1&token=331c6827feb01fd2a611e8db3c99f062c71fbdc3 HTTP/1.1" 200 92
2019-04-08 16:44:49,390 INFO "GET /api/v1/project/?userId=1&token=331c6827feb01fd2a611e8db3c99f062c71fbdc3 HTTP/1.1" 200 387
2019-04-08 16:44:53,426 INFO "GET /api/v1/apiManager/?project=52&userId=1&token=331c6827feb01fd2a611e8db3c99f062c71fbdc3 HTTP/1.1" 200 532
2019-04-08 16:45:03,020 INFO "GET /api/v1/testType/?userId=1&token=331c6827feb01fd2a611e8db3c99f062c71fbdc3&object_id=13&content_type=13 HTTP/1.1" 200 451
2019-04-08 16:45:04,480 INFO "GET /api/v1/apiCase/?userId=1&token=331c6827feb01fd2a611e8db3c99f062c71fbdc3&testType=16 HTTP/1.1" 200 787
2019-04-08 16:51:59,004 INFO "GET /api/v1/testType/?userId=1&token=331c6827feb01fd2a611e8db3c99f062c71fbdc3&object_id=13&content_type=13 HTTP/1.1" 200 451
2019-04-08 16:52:00,213 INFO "GET /api/v1/apiCase/?userId=1&token=331c6827feb01fd2a611e8db3c99f062c71fbdc3&testType=17 HTTP/1.1" 200 726
2019-04-08 16:54:10,397 INFO "GET /api/v1/testType/?userId=1&token=331c6827feb01fd2a611e8db3c99f062c71fbdc3&object_id=13&content_type=13 HTTP/1.1" 200 451
2019-04-08 16:54:11,571 INFO "GET /api/v1/project/?userId=1&token=331c6827feb01fd2a611e8db3c99f062c71fbdc3 HTTP/1.1" 200 387
2019-04-08 16:54:11,621 INFO "GET /api/v1/webManager/?userId=1&token=331c6827feb01fd2a611e8db3c99f062c71fbdc3 HTTP/1.1" 200 813
2019-04-08 17:08:39,618 INFO "GET /api/v1/project/?userId=1&token=331c6827feb01fd2a611e8db3c99f062c71fbdc3 HTTP/1.1" 200 387
2019-04-08 17:08:39,655 INFO "GET /api/v1/apiManager/?userId=1&token=331c6827feb01fd2a611e8db3c99f062c71fbdc3 HTTP/1.1" 200 532
2019-04-08 17:08:41,224 INFO "GET /api/v1/testType/?userId=1&token=331c6827feb01fd2a611e8db3c99f062c71fbdc3&object_id=21&content_type=13 HTTP/1.1" 200 377
2019-04-08 17:09:00,068 INFO "GET /api/v1/apiCase/?userId=1&token=331c6827feb01fd2a611e8db3c99f062c71fbdc3&testType=13 HTTP/1.1" 200 52
2019-04-08 17:09:09,050 INFO "OPTIONS /api/v1/apiCase/?userId=1&token=331c6827feb01fd2a611e8db3c99f062c71fbdc3 HTTP/1.1" 200 0
2019-04-08 17:09:09,108 INFO "POST /api/v1/apiCase/?userId=1&token=331c6827feb01fd2a611e8db3c99f062c71fbdc3 HTTP/1.1" 201 323
2019-04-08 17:09:09,191 INFO "GET /api/v1/apiCase/?userId=1&token=331c6827feb01fd2a611e8db3c99f062c71fbdc3&testType=13 HTTP/1.1" 200 340
2019-04-08 17:09:13,221 ERROR Internal Server Error: /api/v1/apiCaseTest/
Traceback (most recent call last):
  File "d:\Anaconda3\lib\site-packages\django\core\handlers\exception.py", line 34, in inner
    response = get_response(request)
  File "d:\Anaconda3\lib\site-packages\django\core\handlers\base.py", line 126, in _get_response
    response = self.process_exception_by_middleware(e, request)
  File "d:\Anaconda3\lib\site-packages\django\core\handlers\base.py", line 124, in _get_response
    response = wrapped_callback(request, *callback_args, **callback_kwargs)
  File "d:\Anaconda3\lib\site-packages\django\views\decorators\csrf.py", line 54, in wrapped_view
    return view_func(*args, **kwargs)
  File "d:\Anaconda3\lib\site-packages\django\views\generic\base.py", line 68, in view
    return self.dispatch(request, *args, **kwargs)
  File "d:\Anaconda3\lib\site-packages\rest_framework\views.py", line 495, in dispatch
    response = self.handle_exception(exc)
  File "d:\Anaconda3\lib\site-packages\rest_framework\views.py", line 455, in handle_exception
    self.raise_uncaught_exception(exc)
  File "d:\Anaconda3\lib\site-packages\rest_framework\views.py", line 492, in dispatch
    response = handler(request, *args, **kwargs)
  File "e:\MyWorkSpace\Autotestplat\autotest_drf\user\views.py", line 294, in get
    data = apiCase(url, apiType, apiManager)
  File "e:\MyWorkSpace\Autotestplat\autotest_drf\user\tests.py", line 458, in apiCase
    result = doTest(case, RESTAPI_DOMAIN)
  File "e:\MyWorkSpace\Autotestplat\autotest_drf\user\tests.py", line 408, in doTest
    if str(rev.get('errcode')) != case['response']['errcode']:
TypeError: string indices must be integers
2019-04-08 17:09:13,226 ERROR "GET /api/v1/apiCaseTest/?userId=1&token=331c6827feb01fd2a611e8db3c99f062c71fbdc3&testType=13&url=https:%2F%2Fmpstest.longsys.com HTTP/1.1" 500 19756
2019-04-08 17:10:54,499 ERROR Internal Server Error: /api/v1/apiCaseTest/
Traceback (most recent call last):
  File "d:\Anaconda3\lib\site-packages\django\core\handlers\exception.py", line 34, in inner
    response = get_response(request)
  File "d:\Anaconda3\lib\site-packages\django\core\handlers\base.py", line 126, in _get_response
    response = self.process_exception_by_middleware(e, request)
  File "d:\Anaconda3\lib\site-packages\django\core\handlers\base.py", line 124, in _get_response
    response = wrapped_callback(request, *callback_args, **callback_kwargs)
  File "d:\Anaconda3\lib\site-packages\django\views\decorators\csrf.py", line 54, in wrapped_view
    return view_func(*args, **kwargs)
  File "d:\Anaconda3\lib\site-packages\django\views\generic\base.py", line 68, in view
    return self.dispatch(request, *args, **kwargs)
  File "d:\Anaconda3\lib\site-packages\rest_framework\views.py", line 495, in dispatch
    response = self.handle_exception(exc)
  File "d:\Anaconda3\lib\site-packages\rest_framework\views.py", line 455, in handle_exception
    self.raise_uncaught_exception(exc)
  File "d:\Anaconda3\lib\site-packages\rest_framework\views.py", line 492, in dispatch
    response = handler(request, *args, **kwargs)
  File "e:\MyWorkSpace\Autotestplat\autotest_drf\user\views.py", line 294, in get
    data = apiCase(url, apiType, apiManager)
  File "e:\MyWorkSpace\Autotestplat\autotest_drf\user\tests.py", line 459, in apiCase
    result = doTest(case, RESTAPI_DOMAIN)
  File "e:\MyWorkSpace\Autotestplat\autotest_drf\user\tests.py", line 409, in doTest
    if str(rev.get('errcode')) != case['response']['errcode']:
TypeError: string indices must be integers
2019-04-08 17:10:54,510 ERROR "GET /api/v1/apiCaseTest/?userId=1&token=331c6827feb01fd2a611e8db3c99f062c71fbdc3&testType=13&url=https:%2F%2Fmpstest.longsys.com HTTP/1.1" 500 19756
2019-04-08 17:12:51,902 INFO "GET /api/v1/apiCase/?userId=1&token=331c6827feb01fd2a611e8db3c99f062c71fbdc3&testType=13 HTTP/1.1" 200 340
2019-04-08 17:12:57,212 ERROR Internal Server Error: /api/v1/apiCaseTest/
Traceback (most recent call last):
  File "d:\Anaconda3\lib\site-packages\django\core\handlers\exception.py", line 34, in inner
    response = get_response(request)
  File "d:\Anaconda3\lib\site-packages\django\core\handlers\base.py", line 126, in _get_response
    response = self.process_exception_by_middleware(e, request)
  File "d:\Anaconda3\lib\site-packages\django\core\handlers\base.py", line 124, in _get_response
    response = wrapped_callback(request, *callback_args, **callback_kwargs)
  File "d:\Anaconda3\lib\site-packages\django\views\decorators\csrf.py", line 54, in wrapped_view
    return view_func(*args, **kwargs)
  File "d:\Anaconda3\lib\site-packages\django\views\generic\base.py", line 68, in view
    return self.dispatch(request, *args, **kwargs)
  File "d:\Anaconda3\lib\site-packages\rest_framework\views.py", line 495, in dispatch
    response = self.handle_exception(exc)
  File "d:\Anaconda3\lib\site-packages\rest_framework\views.py", line 455, in handle_exception
    self.raise_uncaught_exception(exc)
  File "d:\Anaconda3\lib\site-packages\rest_framework\views.py", line 492, in dispatch
    response = handler(request, *args, **kwargs)
  File "e:\MyWorkSpace\Autotestplat\autotest_drf\user\views.py", line 294, in get
    data = apiCase(url, apiType, apiManager)
  File "e:\MyWorkSpace\Autotestplat\autotest_drf\user\tests.py", line 461, in apiCase
    result = doTest(case, RESTAPI_DOMAIN)
  File "e:\MyWorkSpace\Autotestplat\autotest_drf\user\tests.py", line 410, in doTest
    print(case['response']['errcode'])
TypeError: string indices must be integers
2019-04-08 17:12:57,220 ERROR "GET /api/v1/apiCaseTest/?userId=1&token=331c6827feb01fd2a611e8db3c99f062c71fbdc3&testType=13&url=https:%2F%2Fmpstest.longsys.com HTTP/1.1" 500 19732
2019-04-08 17:13:53,290 ERROR Internal Server Error: /api/v1/apiCaseTest/
Traceback (most recent call last):
  File "d:\Anaconda3\lib\site-packages\django\core\handlers\exception.py", line 34, in inner
    response = get_response(request)
  File "d:\Anaconda3\lib\site-packages\django\core\handlers\base.py", line 126, in _get_response
    response = self.process_exception_by_middleware(e, request)
  File "d:\Anaconda3\lib\site-packages\django\core\handlers\base.py", line 124, in _get_response
    response = wrapped_callback(request, *callback_args, **callback_kwargs)
  File "d:\Anaconda3\lib\site-packages\django\views\decorators\csrf.py", line 54, in wrapped_view
    return view_func(*args, **kwargs)
  File "d:\Anaconda3\lib\site-packages\django\views\generic\base.py", line 68, in view
    return self.dispatch(request, *args, **kwargs)
  File "d:\Anaconda3\lib\site-packages\rest_framework\views.py", line 495, in dispatch
    response = self.handle_exception(exc)
  File "d:\Anaconda3\lib\site-packages\rest_framework\views.py", line 455, in handle_exception
    self.raise_uncaught_exception(exc)
  File "d:\Anaconda3\lib\site-packages\rest_framework\views.py", line 492, in dispatch
    response = handler(request, *args, **kwargs)
  File "e:\MyWorkSpace\Autotestplat\autotest_drf\user\views.py", line 294, in get
    data = apiCase(url, apiType, apiManager)
  File "e:\MyWorkSpace\Autotestplat\autotest_drf\user\tests.py", line 460, in apiCase
    result = doTest(case, RESTAPI_DOMAIN)
  File "e:\MyWorkSpace\Autotestplat\autotest_drf\user\tests.py", line 410, in doTest
    if str(rev.get('errcode')) != case['response'].get('errcode'):
AttributeError: 'str' object has no attribute 'get'
2019-04-08 17:13:53,296 ERROR "GET /api/v1/apiCaseTest/?userId=1&token=331c6827feb01fd2a611e8db3c99f062c71fbdc3&testType=13&url=https:%2F%2Fmpstest.longsys.com HTTP/1.1" 500 19778
2019-04-08 17:14:27,518 INFO "GET /api/v1/apiCase/?userId=1&token=331c6827feb01fd2a611e8db3c99f062c71fbdc3&testType=13 HTTP/1.1" 200 340
2019-04-08 17:14:30,639 ERROR Internal Server Error: /api/v1/apiCaseTest/
Traceback (most recent call last):
  File "d:\Anaconda3\lib\site-packages\django\core\handlers\exception.py", line 34, in inner
    response = get_response(request)
  File "d:\Anaconda3\lib\site-packages\django\core\handlers\base.py", line 126, in _get_response
    response = self.process_exception_by_middleware(e, request)
  File "d:\Anaconda3\lib\site-packages\django\core\handlers\base.py", line 124, in _get_response
    response = wrapped_callback(request, *callback_args, **callback_kwargs)
  File "d:\Anaconda3\lib\site-packages\django\views\decorators\csrf.py", line 54, in wrapped_view
    return view_func(*args, **kwargs)
  File "d:\Anaconda3\lib\site-packages\django\views\generic\base.py", line 68, in view
    return self.dispatch(request, *args, **kwargs)
  File "d:\Anaconda3\lib\site-packages\rest_framework\views.py", line 495, in dispatch
    response = self.handle_exception(exc)
  File "d:\Anaconda3\lib\site-packages\rest_framework\views.py", line 455, in handle_exception
    self.raise_uncaught_exception(exc)
  File "d:\Anaconda3\lib\site-packages\rest_framework\views.py", line 492, in dispatch
    response = handler(request, *args, **kwargs)
  File "e:\MyWorkSpace\Autotestplat\autotest_drf\user\views.py", line 294, in get
    data = apiCase(url, apiType, apiManager)
  File "e:\MyWorkSpace\Autotestplat\autotest_drf\user\tests.py", line 460, in apiCase
    result = doTest(case, RESTAPI_DOMAIN)
  File "e:\MyWorkSpace\Autotestplat\autotest_drf\user\tests.py", line 410, in doTest
    if str(rev.get('errcode')) != case['response'].get('errcode'):
AttributeError: 'str' object has no attribute 'get'
2019-04-08 17:14:30,646 ERROR "GET /api/v1/apiCaseTest/?userId=1&token=331c6827feb01fd2a611e8db3c99f062c71fbdc3&testType=13&url=https:%2F%2Fmpstest.longsys.com HTTP/1.1" 500 19778
2019-04-08 17:17:42,630 INFO "GET /api/v1/apiCaseTest/?userId=1&token=331c6827feb01fd2a611e8db3c99f062c71fbdc3&testType=13&url=https:%2F%2Fmpstest.longsys.com HTTP/1.1" 200 56
2019-04-08 17:17:42,695 INFO "GET /api/v1/apiCase/?userId=1&token=331c6827feb01fd2a611e8db3c99f062c71fbdc3&testType=13 HTTP/1.1" 200 340
2019-04-08 17:20:22,554 INFO "OPTIONS /api/v1/apiCase/11/?userId=1&token=331c6827feb01fd2a611e8db3c99f062c71fbdc3 HTTP/1.1" 200 0
2019-04-08 17:20:22,614 INFO "PATCH /api/v1/apiCase/11/?userId=1&token=331c6827feb01fd2a611e8db3c99f062c71fbdc3 HTTP/1.1" 200 355
2019-04-08 17:20:22,668 INFO "GET /api/v1/apiCase/?userId=1&token=331c6827feb01fd2a611e8db3c99f062c71fbdc3&testType=13 HTTP/1.1" 200 372
2019-04-08 17:20:24,017 INFO "GET /api/v1/apiCaseTest/?userId=1&token=331c6827feb01fd2a611e8db3c99f062c71fbdc3&testType=13&url=https:%2F%2Fmpstest.longsys.com HTTP/1.1" 200 56
2019-04-08 17:20:24,090 INFO "GET /api/v1/apiCase/?userId=1&token=331c6827feb01fd2a611e8db3c99f062c71fbdc3&testType=13 HTTP/1.1" 200 372
2019-04-08 17:20:58,164 INFO "GET /api/v1/apiCaseTest/?userId=1&token=331c6827feb01fd2a611e8db3c99f062c71fbdc3&testType=13&url=https:%2F%2Fmpstest.longsys.com HTTP/1.1" 200 56
2019-04-08 17:20:58,228 INFO "GET /api/v1/apiCase/?userId=1&token=331c6827feb01fd2a611e8db3c99f062c71fbdc3&testType=13 HTTP/1.1" 200 372
2019-04-08 17:21:33,844 INFO "GET /api/v1/apiCaseTest/?userId=1&token=331c6827feb01fd2a611e8db3c99f062c71fbdc3&testType=13&url=https:%2F%2Fmpstest.longsys.com HTTP/1.1" 200 56
2019-04-08 17:21:33,928 INFO "GET /api/v1/apiCase/?userId=1&token=331c6827feb01fd2a611e8db3c99f062c71fbdc3&testType=13 HTTP/1.1" 200 372
2019-04-08 17:23:32,819 INFO "GET /api/v1/project/?userId=1&token=331c6827feb01fd2a611e8db3c99f062c71fbdc3 HTTP/1.1" 200 388
2019-04-08 17:23:32,873 INFO "GET /api/v1/webManager/?userId=1&token=331c6827feb01fd2a611e8db3c99f062c71fbdc3 HTTP/1.1" 200 813
2019-04-08 17:24:07,226 INFO "GET /api/v1/testType/?userId=1&token=331c6827feb01fd2a611e8db3c99f062c71fbdc3&object_id=7&content_type=12 HTTP/1.1" 200 238
2019-04-08 17:24:36,924 INFO "GET /api/v1/checkWebCase/?userId=1&token=331c6827feb01fd2a611e8db3c99f062c71fbdc3&testType=2 HTTP/1.1" 200 52
2019-04-08 17:24:36,951 INFO "GET /api/v1/webCase/?userId=1&token=331c6827feb01fd2a611e8db3c99f062c71fbdc3&testType=2 HTTP/1.1" 200 1009
2019-04-08 17:28:50,258 INFO "GET /api/v1/testType/?userId=1&token=331c6827feb01fd2a611e8db3c99f062c71fbdc3&object_id=7&content_type=12 HTTP/1.1" 200 238
2019-04-08 17:28:52,318 INFO "GET /api/v1/checkWebCase/?userId=1&token=331c6827feb01fd2a611e8db3c99f062c71fbdc3&testType=2 HTTP/1.1" 200 52
2019-04-08 17:28:52,319 INFO "GET /api/v1/webCase/?userId=1&token=331c6827feb01fd2a611e8db3c99f062c71fbdc3&testType=2 HTTP/1.1" 200 1009
2019-04-08 17:29:00,696 INFO "GET /api/v1/testType/?userId=1&token=331c6827feb01fd2a611e8db3c99f062c71fbdc3&object_id=7&content_type=12 HTTP/1.1" 200 238
2019-04-08 17:29:01,279 INFO "GET /api/v1/project/?userId=1&token=331c6827feb01fd2a611e8db3c99f062c71fbdc3 HTTP/1.1" 200 388
2019-04-08 17:29:01,297 INFO "GET /api/v1/webManager/?userId=1&token=331c6827feb01fd2a611e8db3c99f062c71fbdc3 HTTP/1.1" 200 813
2019-04-08 17:29:03,735 INFO "GET /api/v1/testType/?userId=1&token=331c6827feb01fd2a611e8db3c99f062c71fbdc3&object_id=6&content_type=12 HTTP/1.1" 200 449
2019-04-08 17:29:05,440 INFO "GET /api/v1/checkWebCase/?userId=1&token=331c6827feb01fd2a611e8db3c99f062c71fbdc3&testType=6 HTTP/1.1" 200 323
2019-04-08 17:29:05,446 INFO "GET /api/v1/webCase/?userId=1&token=331c6827feb01fd2a611e8db3c99f062c71fbdc3&testType=6 HTTP/1.1" 200 1039
2019-04-08 17:35:28,513 INFO "GET /api/v1/testType/?userId=1&token=331c6827feb01fd2a611e8db3c99f062c71fbdc3&object_id=6&content_type=12 HTTP/1.1" 200 449
2019-04-08 17:35:31,067 INFO "GET /api/v1/project/?userId=1&token=331c6827feb01fd2a611e8db3c99f062c71fbdc3 HTTP/1.1" 200 388
2019-04-08 17:35:31,105 INFO "GET /api/v1/webManager/?userId=1&token=331c6827feb01fd2a611e8db3c99f062c71fbdc3 HTTP/1.1" 200 813
2019-04-08 17:35:33,216 INFO "GET /api/v1/project/?userId=1&token=331c6827feb01fd2a611e8db3c99f062c71fbdc3 HTTP/1.1" 200 388
2019-04-08 17:35:33,217 INFO "GET /api/v1/apiManager/?userId=1&token=331c6827feb01fd2a611e8db3c99f062c71fbdc3 HTTP/1.1" 200 533
2019-04-08 17:35:42,404 INFO "GET /api/v1/testType/?userId=1&token=331c6827feb01fd2a611e8db3c99f062c71fbdc3&object_id=13&content_type=13 HTTP/1.1" 200 451
2019-04-08 17:35:46,048 INFO "GET /api/v1/apiTypeTest/?userId=1&token=331c6827feb01fd2a611e8db3c99f062c71fbdc3&object_id=13&content_type=13&url=https:%2F%2Fmpstest.longsys.com HTTP/1.1" 200 27
2019-04-08 17:35:46,127 INFO "GET /api/v1/testType/?userId=1&token=331c6827feb01fd2a611e8db3c99f062c71fbdc3&object_id=13&content_type=13 HTTP/1.1" 200 451
2019-04-08 17:37:30,771 INFO "GET /api/v1/apiCase/?userId=1&token=331c6827feb01fd2a611e8db3c99f062c71fbdc3&testType=17 HTTP/1.1" 200 726
2019-04-08 17:37:31,344 INFO "GET /api/v1/testType/?userId=1&token=331c6827feb01fd2a611e8db3c99f062c71fbdc3&object_id=13&content_type=13 HTTP/1.1" 200 451
2019-04-08 17:37:35,845 INFO "GET /api/v1/apiTypeTest/?userId=1&token=331c6827feb01fd2a611e8db3c99f062c71fbdc3&object_id=13&content_type=13&url=https:%2F%2Fmpstest.longsys.com HTTP/1.1" 200 27
2019-04-08 17:37:35,907 INFO "GET /api/v1/testType/?userId=1&token=331c6827feb01fd2a611e8db3c99f062c71fbdc3&object_id=13&content_type=13 HTTP/1.1" 200 451
2019-04-08 17:51:53,911 INFO "OPTIONS /api/v1/login/ HTTP/1.1" 200 0
2019-04-08 17:51:54,468 INFO "POST /api/v1/login/ HTTP/1.1" 200 143
2019-04-08 17:51:54,535 INFO "GET /v1/user/1/?userId=1&token=c67fcad68bf3438a4f7e5524857ec0e306dc6439 HTTP/1.1" 200 92
2019-04-08 17:51:57,395 INFO "GET /api/v1/project/?userId=1&token=c67fcad68bf3438a4f7e5524857ec0e306dc6439 HTTP/1.1" 200 388
2019-04-08 17:51:57,495 INFO "GET /api/v1/webManager/?userId=1&token=c67fcad68bf3438a4f7e5524857ec0e306dc6439 HTTP/1.1" 200 813
2019-04-08 17:51:59,261 INFO "GET /api/v1/testType/?userId=1&token=c67fcad68bf3438a4f7e5524857ec0e306dc6439&object_id=6&content_type=12 HTTP/1.1" 200 449
2019-04-08 17:52:00,354 INFO "GET /api/v1/checkWebCase/?userId=1&token=c67fcad68bf3438a4f7e5524857ec0e306dc6439&testType=6 HTTP/1.1" 200 323
2019-04-08 17:52:00,382 INFO "GET /api/v1/webCase/?userId=1&token=c67fcad68bf3438a4f7e5524857ec0e306dc6439&testType=6 HTTP/1.1" 200 1039
2019-04-08 17:52:15,272 INFO "GET /api/v1/webCaseTest/?userId=1&token=c67fcad68bf3438a4f7e5524857ec0e306dc6439&testType=6&url=https:%2F%2Fmpstest.longsys.com%2F HTTP/1.1" 200 27
2019-04-09 09:29:30,607 ERROR Internal Server Error: /
Traceback (most recent call last):
  File "d:\Anaconda3\lib\site-packages\django\core\handlers\exception.py", line 34, in inner
    response = get_response(request)
  File "d:\Anaconda3\lib\site-packages\django\utils\deprecation.py", line 93, in __call__
    response = self.process_response(request, response)
  File "d:\Anaconda3\lib\site-packages\django\middleware\csrf.py", line 324, in process_response
    self._set_token(request, response)
  File "d:\Anaconda3\lib\site-packages\django\middleware\csrf.py", line 188, in _set_token
    request.META['CSRF_COOKIE'],
KeyError: 'CSRF_COOKIE'
2019-04-09 09:29:30,610 ERROR "GET / HTTP/1.1" 500 66419
2019-04-09 09:29:30,868 WARNING Not Found: /favicon.ico
2019-04-09 09:29:30,870 WARNING "GET /favicon.ico HTTP/1.1" 404 3602
2019-04-09 09:37:46,970 INFO "OPTIONS /api/v1/login/ HTTP/1.1" 200 0
2019-04-09 09:37:47,286 INFO "POST /api/v1/login/ HTTP/1.1" 200 51
2019-04-09 09:37:52,598 INFO "POST /api/v1/login/ HTTP/1.1" 200 143
2019-04-09 09:37:52,660 INFO "GET /v1/user/1/?userId=1&token=79cd07c0726d33694a25b12c0c73ea874d292407 HTTP/1.1" 200 92
2019-04-09 09:37:57,022 INFO "GET /api/v1/project/?userId=1&token=79cd07c0726d33694a25b12c0c73ea874d292407 HTTP/1.1" 200 388
2019-04-09 09:38:06,680 INFO "GET /api/v1/apiManager/?project=54&userId=1&token=79cd07c0726d33694a25b12c0c73ea874d292407 HTTP/1.1" 200 52
2019-04-09 09:38:08,282 INFO "GET /api/v1/project/?userId=1&token=79cd07c0726d33694a25b12c0c73ea874d292407 HTTP/1.1" 200 388
2019-04-09 09:38:09,553 INFO "GET /api/v1/apiManager/?project=52&userId=1&token=79cd07c0726d33694a25b12c0c73ea874d292407 HTTP/1.1" 200 533
2019-04-09 09:38:11,512 INFO "GET /api/v1/project/?userId=1&token=79cd07c0726d33694a25b12c0c73ea874d292407 HTTP/1.1" 200 388
2019-04-09 09:38:12,500 INFO "GET /api/v1/webManager/?project=52&userId=1&token=79cd07c0726d33694a25b12c0c73ea874d292407 HTTP/1.1" 200 551
2019-04-09 09:38:13,931 INFO "GET /api/v1/project/?userId=1&token=79cd07c0726d33694a25b12c0c73ea874d292407 HTTP/1.1" 200 388
2019-04-09 09:38:18,212 INFO "GET /api/v1/apiManager/?project=52&userId=1&token=79cd07c0726d33694a25b12c0c73ea874d292407 HTTP/1.1" 200 533
2019-04-09 09:38:23,780 INFO "GET /api/v1/apiManagerTest/?userId=1&token=79cd07c0726d33694a25b12c0c73ea874d292407&projectId=52 HTTP/1.1" 200 56
2019-04-09 09:38:23,845 INFO "GET /api/v1/apiManager/?project=52&userId=1&token=79cd07c0726d33694a25b12c0c73ea874d292407 HTTP/1.1" 200 533
2019-04-09 09:38:36,020 INFO "GET /api/v1/testType/?userId=1&token=79cd07c0726d33694a25b12c0c73ea874d292407&object_id=21&content_type=13 HTTP/1.1" 200 378
2019-04-09 09:38:43,373 INFO "GET /api/v1/apiManager/?project=52&userId=1&token=79cd07c0726d33694a25b12c0c73ea874d292407 HTTP/1.1" 200 533
2019-04-09 09:38:47,048 INFO "GET /api/v1/testType/?userId=1&token=79cd07c0726d33694a25b12c0c73ea874d292407&object_id=13&content_type=13 HTTP/1.1" 200 451
2019-04-09 09:38:58,657 INFO "GET /api/v1/apiTypeTest/?userId=1&token=79cd07c0726d33694a25b12c0c73ea874d292407&object_id=13&content_type=13&url=https:%2F%2Fmpstest.longsys.com HTTP/1.1" 200 27
2019-04-09 09:38:58,709 INFO "GET /api/v1/testType/?userId=1&token=79cd07c0726d33694a25b12c0c73ea874d292407&object_id=13&content_type=13 HTTP/1.1" 200 451
2019-04-09 09:39:06,177 INFO "GET /api/v1/apiManager/?project=52&userId=1&token=79cd07c0726d33694a25b12c0c73ea874d292407 HTTP/1.1" 200 533
2019-04-09 09:39:08,127 INFO "GET /api/v1/project/?userId=1&token=79cd07c0726d33694a25b12c0c73ea874d292407 HTTP/1.1" 200 388
2019-04-09 09:39:10,119 INFO "GET /api/v1/webManager/?project=52&userId=1&token=79cd07c0726d33694a25b12c0c73ea874d292407 HTTP/1.1" 200 551
2019-04-09 09:39:43,098 INFO "GET /api/v1/webManagerTest/?userId=1&token=79cd07c0726d33694a25b12c0c73ea874d292407&projectId=52 HTTP/1.1" 200 27
2019-04-09 09:39:43,166 INFO "GET /api/v1/webManager/?project=52&userId=1&token=79cd07c0726d33694a25b12c0c73ea874d292407 HTTP/1.1" 200 551
2019-04-09 09:43:12,240 INFO "GET /api/v1/captcha/?email=zhongyh@longsys.com HTTP/1.1" 200 27
2019-04-09 09:44:25,147 INFO "GET /api/v1/captcha/?email=18129832245@163.com HTTP/1.1" 200 27
2019-04-09 09:45:27,183 INFO "GET /api/v1/captcha/?email=leo.lin@longsys.com HTTP/1.1" 200 27
2019-04-09 09:46:12,252 INFO "OPTIONS /api/v1/login/ HTTP/1.1" 200 0
2019-04-09 09:46:12,278 INFO "POST /api/v1/login/ HTTP/1.1" 200 54
2019-04-09 09:46:43,608 INFO "POST /api/v1/login/ HTTP/1.1" 200 143
2019-04-09 09:46:43,667 INFO "GET /v1/user/1/?userId=1&token=8c897d581180d75ae40c3331cf59dfc77aafeace HTTP/1.1" 200 92
2019-04-09 09:46:48,571 INFO "GET /api/v1/project/?userId=1&token=8c897d581180d75ae40c3331cf59dfc77aafeace HTTP/1.1" 200 387
2019-04-09 09:46:52,382 INFO "GET /api/v1/apiManager/?project=52&userId=1&token=8c897d581180d75ae40c3331cf59dfc77aafeace HTTP/1.1" 200 533
2019-04-09 09:46:54,167 INFO "GET /api/v1/project/?userId=1&token=8c897d581180d75ae40c3331cf59dfc77aafeace HTTP/1.1" 200 387
2019-04-09 09:46:55,679 INFO "GET /api/v1/webManager/?project=52&userId=1&token=8c897d581180d75ae40c3331cf59dfc77aafeace HTTP/1.1" 200 551
2019-04-09 09:47:10,331 INFO "GET /api/v1/testType/?userId=1&token=8c897d581180d75ae40c3331cf59dfc77aafeace&object_id=6&content_type=12 HTTP/1.1" 200 449
2019-04-09 09:47:20,625 INFO "GET /api/v1/webCase/?userId=1&token=8c897d581180d75ae40c3331cf59dfc77aafeace&testType=6 HTTP/1.1" 200 1039
2019-04-09 09:47:20,632 INFO "GET /api/v1/checkWebCase/?userId=1&token=8c897d581180d75ae40c3331cf59dfc77aafeace&testType=6 HTTP/1.1" 200 323
2019-04-09 09:47:28,572 INFO "GET /api/v1/testType/?userId=1&token=8c897d581180d75ae40c3331cf59dfc77aafeace&object_id=6&content_type=12 HTTP/1.1" 200 449
2019-04-09 09:47:30,346 INFO "GET /api/v1/webCase/?userId=1&token=8c897d581180d75ae40c3331cf59dfc77aafeace&testType=7 HTTP/1.1" 200 790
2019-04-09 09:47:30,355 INFO "GET /api/v1/checkWebCase/?userId=1&token=8c897d581180d75ae40c3331cf59dfc77aafeace&testType=7 HTTP/1.1" 200 330
2019-04-09 09:47:36,659 INFO "GET /api/v1/testType/?userId=1&token=8c897d581180d75ae40c3331cf59dfc77aafeace&object_id=6&content_type=12 HTTP/1.1" 200 449
2019-04-09 09:47:38,527 INFO "GET /api/v1/webManager/?project=52&userId=1&token=8c897d581180d75ae40c3331cf59dfc77aafeace HTTP/1.1" 200 551
2019-04-09 09:47:40,844 INFO "GET /api/v1/testType/?userId=1&token=8c897d581180d75ae40c3331cf59dfc77aafeace&object_id=6&content_type=12 HTTP/1.1" 200 449
2019-04-09 09:47:43,084 INFO "GET /api/v1/webManager/?project=52&userId=1&token=8c897d581180d75ae40c3331cf59dfc77aafeace HTTP/1.1" 200 551
2019-04-09 09:47:43,689 INFO "GET /api/v1/project/?userId=1&token=8c897d581180d75ae40c3331cf59dfc77aafeace HTTP/1.1" 200 387
2019-04-09 09:47:52,834 INFO "GET /api/v1/webManager/?project=52&userId=1&token=8c897d581180d75ae40c3331cf59dfc77aafeace HTTP/1.1" 200 551
2019-04-09 09:47:54,434 INFO "GET /api/v1/testType/?userId=1&token=8c897d581180d75ae40c3331cf59dfc77aafeace&object_id=6&content_type=12 HTTP/1.1" 200 449
2019-04-09 09:47:55,665 INFO "GET /api/v1/checkWebCase/?userId=1&token=8c897d581180d75ae40c3331cf59dfc77aafeace&testType=6 HTTP/1.1" 200 323
2019-04-09 09:47:55,672 INFO "GET /api/v1/webCase/?userId=1&token=8c897d581180d75ae40c3331cf59dfc77aafeace&testType=6 HTTP/1.1" 200 1039
2019-04-09 09:48:23,548 INFO "GET /api/v1/testType/?userId=1&token=8c897d581180d75ae40c3331cf59dfc77aafeace&object_id=6&content_type=12 HTTP/1.1" 200 449
2019-04-09 09:48:25,284 INFO "GET /api/v1/webCase/?userId=1&token=8c897d581180d75ae40c3331cf59dfc77aafeace&testType=6 HTTP/1.1" 200 1039
2019-04-09 09:48:25,290 INFO "GET /api/v1/checkWebCase/?userId=1&token=8c897d581180d75ae40c3331cf59dfc77aafeace&testType=6 HTTP/1.1" 200 323
2019-04-09 09:50:04,783 INFO "GET /api/v1/webCaseTest/?userId=1&token=8c897d581180d75ae40c3331cf59dfc77aafeace&testType=6&url=https:%2F%2Fmpstest.longsys.com%2F HTTP/1.1" 200 27
2019-04-09 09:51:11,740 INFO "OPTIONS /api/v1/webCase/4/?userId=1&token=8c897d581180d75ae40c3331cf59dfc77aafeace HTTP/1.1" 200 0
2019-04-09 09:51:11,793 INFO "PATCH /api/v1/webCase/4/?userId=1&token=8c897d581180d75ae40c3331cf59dfc77aafeace HTTP/1.1" 200 294
2019-04-09 09:51:11,848 INFO "GET /api/v1/webCase/?userId=1&token=8c897d581180d75ae40c3331cf59dfc77aafeace&testType=6 HTTP/1.1" 200 1040
2019-04-09 09:51:11,856 INFO "GET /api/v1/checkWebCase/?userId=1&token=8c897d581180d75ae40c3331cf59dfc77aafeace&testType=6 HTTP/1.1" 200 323
2019-04-09 09:51:15,949 INFO "GET /api/v1/testType/?userId=1&token=8c897d581180d75ae40c3331cf59dfc77aafeace&object_id=6&content_type=12 HTTP/1.1" 200 449
2019-04-09 09:51:18,874 INFO "GET /api/v1/webCase/?userId=1&token=8c897d581180d75ae40c3331cf59dfc77aafeace&testType=6 HTTP/1.1" 200 1040
2019-04-09 09:51:18,881 INFO "GET /api/v1/checkWebCase/?userId=1&token=8c897d581180d75ae40c3331cf59dfc77aafeace&testType=6 HTTP/1.1" 200 323
2019-04-09 09:52:54,472 INFO "GET /api/v1/webCaseTest/?userId=1&token=8c897d581180d75ae40c3331cf59dfc77aafeace&testType=6&url=https:%2F%2Fmpstest.longsys.com%2F HTTP/1.1" 200 92
2019-04-09 09:53:20,337 INFO "GET /api/v1/getRecord/?userId=1&token=8c897d581180d75ae40c3331cf59dfc77aafeace&projectId=52 HTTP/1.1" 200 391
2019-04-09 09:53:24,499 INFO "GET /api/v1/project/?userId=1&token=8c897d581180d75ae40c3331cf59dfc77aafeace HTTP/1.1" 200 388
2019-04-09 09:53:24,499 INFO "GET /api/v1/apiManager/?userId=1&token=8c897d581180d75ae40c3331cf59dfc77aafeace HTTP/1.1" 200 533
2019-04-09 09:53:26,009 INFO "GET /api/v1/project/?userId=1&token=8c897d581180d75ae40c3331cf59dfc77aafeace HTTP/1.1" 200 388
2019-04-09 09:53:26,026 INFO "GET /api/v1/webManager/?userId=1&token=8c897d581180d75ae40c3331cf59dfc77aafeace HTTP/1.1" 200 814
2019-04-09 09:53:33,002 INFO "GET /api/v1/testType/?userId=1&token=8c897d581180d75ae40c3331cf59dfc77aafeace&object_id=6&content_type=12 HTTP/1.1" 200 450
2019-04-09 09:53:38,387 INFO "GET /api/v1/webCase/?userId=1&token=8c897d581180d75ae40c3331cf59dfc77aafeace&testType=6 HTTP/1.1" 200 1040
2019-04-09 09:53:38,407 INFO "GET /api/v1/checkWebCase/?userId=1&token=8c897d581180d75ae40c3331cf59dfc77aafeace&testType=6 HTTP/1.1" 200 323
2019-04-09 09:53:48,781 INFO "PATCH /api/v1/webCase/4/?userId=1&token=8c897d581180d75ae40c3331cf59dfc77aafeace HTTP/1.1" 200 293
2019-04-09 09:53:48,838 INFO "GET /api/v1/checkWebCase/?userId=1&token=8c897d581180d75ae40c3331cf59dfc77aafeace&testType=6 HTTP/1.1" 200 323
2019-04-09 09:53:48,838 INFO "GET /api/v1/webCase/?userId=1&token=8c897d581180d75ae40c3331cf59dfc77aafeace&testType=6 HTTP/1.1" 200 1039
2019-04-09 09:55:03,296 INFO "GET /api/v1/getRecord/?userId=1&token=8c897d581180d75ae40c3331cf59dfc77aafeace&projectId=52 HTTP/1.1" 200 391
2019-04-09 09:55:06,175 INFO "GET /api/v1/project/?userId=1&token=8c897d581180d75ae40c3331cf59dfc77aafeace HTTP/1.1" 200 388
2019-04-09 09:55:06,203 INFO "GET /api/v1/apiManager/?userId=1&token=8c897d581180d75ae40c3331cf59dfc77aafeace HTTP/1.1" 200 533
2019-04-09 09:55:06,683 INFO "GET /api/v1/project/?userId=1&token=8c897d581180d75ae40c3331cf59dfc77aafeace HTTP/1.1" 200 388
2019-04-09 09:55:06,700 INFO "GET /api/v1/webManager/?userId=1&token=8c897d581180d75ae40c3331cf59dfc77aafeace HTTP/1.1" 200 814
2019-04-09 09:55:09,526 INFO "GET /api/v1/getRecord/?userId=1&token=8c897d581180d75ae40c3331cf59dfc77aafeace&projectId=52 HTTP/1.1" 200 391
2019-04-09 09:55:10,630 INFO "GET /api/v1/project/?userId=1&token=8c897d581180d75ae40c3331cf59dfc77aafeace HTTP/1.1" 200 388
2019-04-09 09:55:10,658 INFO "GET /api/v1/webManager/?userId=1&token=8c897d581180d75ae40c3331cf59dfc77aafeace HTTP/1.1" 200 814
2019-04-09 09:55:19,238 INFO "GET /api/v1/testType/?userId=1&token=8c897d581180d75ae40c3331cf59dfc77aafeace&object_id=6&content_type=12 HTTP/1.1" 200 450
2019-04-09 15:34:09,796 INFO "OPTIONS /api/v1/login/ HTTP/1.1" 200 0
2019-04-09 15:34:10,285 INFO "POST /api/v1/login/ HTTP/1.1" 200 143
2019-04-09 15:34:10,414 INFO "GET /v1/user/1/?userId=1&token=61a226627f8ed113c4ef91eb6f812a7345418247 HTTP/1.1" 200 92
2019-04-09 15:34:18,729 INFO "GET /api/v1/project/?userId=1&token=61a226627f8ed113c4ef91eb6f812a7345418247 HTTP/1.1" 200 388
2019-04-09 15:34:19,343 INFO "GET /api/v1/project/?userId=1&token=61a226627f8ed113c4ef91eb6f812a7345418247 HTTP/1.1" 200 388
2019-04-09 15:34:19,385 INFO "GET /api/v1/webManager/?userId=1&token=61a226627f8ed113c4ef91eb6f812a7345418247 HTTP/1.1" 200 814
2019-04-10 14:21:01,572 INFO "OPTIONS /api/v1/login/ HTTP/1.1" 200 0
2019-04-10 14:21:01,953 INFO "POST /api/v1/login/ HTTP/1.1" 200 143
2019-04-10 14:21:02,055 INFO "GET /v1/user/1/?userId=1&token=a54d28b39033ab32bd60d0bc1d17958fab0296fb HTTP/1.1" 200 92
2019-04-10 14:21:03,977 INFO "GET /api/v1/project/?userId=1&token=a54d28b39033ab32bd60d0bc1d17958fab0296fb HTTP/1.1" 200 388
2019-04-10 14:21:49,790 INFO "OPTIONS /api/v1/project/54/?userId=1&token=a54d28b39033ab32bd60d0bc1d17958fab0296fb HTTP/1.1" 200 0
2019-04-10 14:21:49,909 INFO "DELETE /api/v1/project/54/?userId=1&token=a54d28b39033ab32bd60d0bc1d17958fab0296fb HTTP/1.1" 204 27
2019-04-10 14:21:49,960 INFO "GET /api/v1/project/?userId=1&token=a54d28b39033ab32bd60d0bc1d17958fab0296fb HTTP/1.1" 200 214
2019-04-10 14:21:59,797 INFO "GET /api/v1/webManager/?project=52&userId=1&token=a54d28b39033ab32bd60d0bc1d17958fab0296fb HTTP/1.1" 200 552
2019-04-10 14:23:03,702 INFO "OPTIONS /api/v1/webManager/6/?userId=1&token=a54d28b39033ab32bd60d0bc1d17958fab0296fb HTTP/1.1" 200 0
2019-04-10 14:23:03,834 INFO "PATCH /api/v1/webManager/6/?userId=1&token=a54d28b39033ab32bd60d0bc1d17958fab0296fb HTTP/1.1" 200 293
2019-04-10 14:23:03,929 INFO "GET /api/v1/webManager/?project=52&userId=1&token=a54d28b39033ab32bd60d0bc1d17958fab0296fb HTTP/1.1" 200 551
2019-04-10 14:23:24,616 INFO "OPTIONS /api/v1/webManager/7/?userId=1&token=a54d28b39033ab32bd60d0bc1d17958fab0296fb HTTP/1.1" 200 0
2019-04-10 14:23:24,691 INFO "PATCH /api/v1/webManager/7/?userId=1&token=a54d28b39033ab32bd60d0bc1d17958fab0296fb HTTP/1.1" 200 294
2019-04-10 14:23:24,793 INFO "GET /api/v1/webManager/?project=52&userId=1&token=a54d28b39033ab32bd60d0bc1d17958fab0296fb HTTP/1.1" 200 570
2019-04-10 14:23:58,861 INFO "PATCH /api/v1/webManager/6/?userId=1&token=a54d28b39033ab32bd60d0bc1d17958fab0296fb HTTP/1.1" 200 298
2019-04-10 14:23:58,959 INFO "GET /api/v1/webManager/?project=52&userId=1&token=a54d28b39033ab32bd60d0bc1d17958fab0296fb HTTP/1.1" 200 575
2019-04-10 14:24:09,204 INFO "PATCH /api/v1/webManager/7/?userId=1&token=a54d28b39033ab32bd60d0bc1d17958fab0296fb HTTP/1.1" 200 294
2019-04-10 14:24:09,289 INFO "GET /api/v1/webManager/?project=52&userId=1&token=a54d28b39033ab32bd60d0bc1d17958fab0296fb HTTP/1.1" 200 575
2019-04-10 14:24:18,146 INFO "GET /api/v1/testType/?userId=1&token=a54d28b39033ab32bd60d0bc1d17958fab0296fb&object_id=6&content_type=12 HTTP/1.1" 200 450
2019-04-10 14:25:51,042 INFO "OPTIONS /api/v1/testType/6/?userId=1&token=a54d28b39033ab32bd60d0bc1d17958fab0296fb HTTP/1.1" 200 0
2019-04-10 14:25:51,122 INFO "PATCH /api/v1/testType/6/?userId=1&token=a54d28b39033ab32bd60d0bc1d17958fab0296fb HTTP/1.1" 200 230
2019-04-10 14:25:51,239 INFO "GET /api/v1/testType/?userId=1&token=a54d28b39033ab32bd60d0bc1d17958fab0296fb&object_id=6&content_type=12 HTTP/1.1" 200 452
2019-04-10 14:26:07,143 INFO "GET /api/v1/checkWebCase/?userId=1&token=a54d28b39033ab32bd60d0bc1d17958fab0296fb&testType=6 HTTP/1.1" 200 323
2019-04-10 14:26:07,143 INFO "GET /api/v1/webCase/?userId=1&token=a54d28b39033ab32bd60d0bc1d17958fab0296fb&testType=6 HTTP/1.1" 200 1039
2019-04-10 14:33:14,958 INFO "OPTIONS /api/v1/checkWebCase/4/?userId=1&token=a54d28b39033ab32bd60d0bc1d17958fab0296fb HTTP/1.1" 200 0
2019-04-10 14:33:15,156 INFO "PATCH /api/v1/checkWebCase/4/?userId=1&token=a54d28b39033ab32bd60d0bc1d17958fab0296fb HTTP/1.1" 200 297
2019-04-10 14:33:15,274 INFO "GET /api/v1/webCase/?userId=1&token=a54d28b39033ab32bd60d0bc1d17958fab0296fb&testType=6 HTTP/1.1" 200 1039
2019-04-10 14:33:15,291 INFO "GET /api/v1/checkWebCase/?userId=1&token=a54d28b39033ab32bd60d0bc1d17958fab0296fb&testType=6 HTTP/1.1" 200 314
2019-04-10 14:38:50,398 INFO "GET /api/v1/testType/?userId=1&token=a54d28b39033ab32bd60d0bc1d17958fab0296fb&object_id=6&content_type=12 HTTP/1.1" 200 452
2019-04-10 14:38:52,410 INFO "GET /api/v1/webManager/?project=52&userId=1&token=a54d28b39033ab32bd60d0bc1d17958fab0296fb HTTP/1.1" 200 575
2019-04-10 14:38:53,496 INFO "GET /api/v1/project/?userId=1&token=a54d28b39033ab32bd60d0bc1d17958fab0296fb HTTP/1.1" 200 214
2019-04-10 14:39:32,815 INFO "GET /api/v1/webManager/?project=52&userId=1&token=a54d28b39033ab32bd60d0bc1d17958fab0296fb HTTP/1.1" 200 575
2019-04-10 14:39:35,758 INFO "GET /api/v1/testType/?userId=1&token=a54d28b39033ab32bd60d0bc1d17958fab0296fb&object_id=7&content_type=12 HTTP/1.1" 200 238
2019-04-10 14:39:50,727 INFO "GET /api/v1/webManager/?project=52&userId=1&token=a54d28b39033ab32bd60d0bc1d17958fab0296fb HTTP/1.1" 200 575
2019-04-10 14:39:54,285 INFO "GET /api/v1/testType/?userId=1&token=a54d28b39033ab32bd60d0bc1d17958fab0296fb&object_id=6&content_type=12 HTTP/1.1" 200 452
2019-04-10 14:40:00,423 INFO "GET /api/v1/webCase/?userId=1&token=a54d28b39033ab32bd60d0bc1d17958fab0296fb&testType=6 HTTP/1.1" 200 1039
2019-04-10 14:40:00,431 INFO "GET /api/v1/checkWebCase/?userId=1&token=a54d28b39033ab32bd60d0bc1d17958fab0296fb&testType=6 HTTP/1.1" 200 314
2019-04-10 14:53:56,802 INFO "OPTIONS /api/v1/webCase/1/?userId=1&token=a54d28b39033ab32bd60d0bc1d17958fab0296fb HTTP/1.1" 200 0
2019-04-10 14:53:56,946 INFO "PATCH /api/v1/webCase/1/?userId=1&token=a54d28b39033ab32bd60d0bc1d17958fab0296fb HTTP/1.1" 200 266
2019-04-10 14:53:57,012 INFO "GET /api/v1/checkWebCase/?userId=1&token=a54d28b39033ab32bd60d0bc1d17958fab0296fb&testType=6 HTTP/1.1" 200 314
2019-04-10 14:53:57,038 INFO "GET /api/v1/webCase/?userId=1&token=a54d28b39033ab32bd60d0bc1d17958fab0296fb&testType=6 HTTP/1.1" 200 1038
2019-04-10 14:54:06,300 INFO "OPTIONS /api/v1/webCase/5/?userId=1&token=a54d28b39033ab32bd60d0bc1d17958fab0296fb HTTP/1.1" 200 0
2019-04-10 14:54:06,371 INFO "PATCH /api/v1/webCase/5/?userId=1&token=a54d28b39033ab32bd60d0bc1d17958fab0296fb HTTP/1.1" 200 281
2019-04-10 14:54:06,474 INFO "GET /api/v1/checkWebCase/?userId=1&token=a54d28b39033ab32bd60d0bc1d17958fab0296fb&testType=6 HTTP/1.1" 200 314
2019-04-10 14:54:06,484 INFO "GET /api/v1/webCase/?userId=1&token=a54d28b39033ab32bd60d0bc1d17958fab0296fb&testType=6 HTTP/1.1" 200 1025
2019-04-10 14:54:12,841 INFO "OPTIONS /api/v1/webCase/10/?userId=1&token=a54d28b39033ab32bd60d0bc1d17958fab0296fb HTTP/1.1" 200 0
2019-04-10 14:54:12,898 INFO "PATCH /api/v1/webCase/10/?userId=1&token=a54d28b39033ab32bd60d0bc1d17958fab0296fb HTTP/1.1" 200 257
2019-04-10 14:54:13,029 INFO "GET /api/v1/checkWebCase/?userId=1&token=a54d28b39033ab32bd60d0bc1d17958fab0296fb&testType=6 HTTP/1.1" 200 314
2019-04-10 14:54:13,052 INFO "GET /api/v1/webCase/?userId=1&token=a54d28b39033ab32bd60d0bc1d17958fab0296fb&testType=6 HTTP/1.1" 200 1012
2019-04-10 14:55:01,583 INFO "GET /api/v1/webCase/?userId=1&token=a54d28b39033ab32bd60d0bc1d17958fab0296fb&testType=6 HTTP/1.1" 200 1012
2019-04-10 14:55:01,601 INFO "GET /api/v1/checkWebCase/?userId=1&token=a54d28b39033ab32bd60d0bc1d17958fab0296fb&testType=6 HTTP/1.1" 200 314
2019-04-10 14:55:08,200 INFO "GET /api/v1/webCase/?userId=1&token=a54d28b39033ab32bd60d0bc1d17958fab0296fb&testType=6 HTTP/1.1" 200 1012
2019-04-10 14:55:08,218 INFO "GET /api/v1/checkWebCase/?userId=1&token=a54d28b39033ab32bd60d0bc1d17958fab0296fb&testType=6 HTTP/1.1" 200 314
2019-04-10 14:56:15,641 INFO "OPTIONS /api/v1/checkWebCase/?userId=1&token=a54d28b39033ab32bd60d0bc1d17958fab0296fb HTTP/1.1" 200 0
2019-04-10 14:56:15,716 INFO "POST /api/v1/checkWebCase/?userId=1&token=a54d28b39033ab32bd60d0bc1d17958fab0296fb HTTP/1.1" 201 262
2019-04-10 14:56:15,789 INFO "GET /api/v1/checkWebCase/?userId=1&token=a54d28b39033ab32bd60d0bc1d17958fab0296fb&testType=6 HTTP/1.1" 200 542
2019-04-10 14:56:15,797 INFO "GET /api/v1/webCase/?userId=1&token=a54d28b39033ab32bd60d0bc1d17958fab0296fb&testType=6 HTTP/1.1" 200 1012
2019-04-10 14:56:22,723 INFO "OPTIONS /api/v1/checkWebCase/4/?userId=1&token=a54d28b39033ab32bd60d0bc1d17958fab0296fb HTTP/1.1" 200 0
2019-04-10 14:56:22,810 INFO "PATCH /api/v1/checkWebCase/4/?userId=1&token=a54d28b39033ab32bd60d0bc1d17958fab0296fb HTTP/1.1" 200 297
2019-04-10 14:56:22,887 INFO "GET /api/v1/checkWebCase/?userId=1&token=a54d28b39033ab32bd60d0bc1d17958fab0296fb&testType=6 HTTP/1.1" 200 542
2019-04-10 14:56:22,894 INFO "GET /api/v1/webCase/?userId=1&token=a54d28b39033ab32bd60d0bc1d17958fab0296fb&testType=6 HTTP/1.1" 200 1012
2019-04-10 14:57:05,776 INFO "OPTIONS /api/v1/checkWebCase/9/?userId=1&token=a54d28b39033ab32bd60d0bc1d17958fab0296fb HTTP/1.1" 200 0
2019-04-10 14:57:05,826 INFO "PATCH /api/v1/checkWebCase/9/?userId=1&token=a54d28b39033ab32bd60d0bc1d17958fab0296fb HTTP/1.1" 200 267
2019-04-10 14:57:05,911 INFO "GET /api/v1/webCase/?userId=1&token=a54d28b39033ab32bd60d0bc1d17958fab0296fb&testType=6 HTTP/1.1" 200 1012
2019-04-10 14:57:05,924 INFO "GET /api/v1/checkWebCase/?userId=1&token=a54d28b39033ab32bd60d0bc1d17958fab0296fb&testType=6 HTTP/1.1" 200 547
2019-04-10 15:02:31,788 INFO "GET /api/v1/webCaseTest/?userId=1&token=a54d28b39033ab32bd60d0bc1d17958fab0296fb&testType=6&url=https:%2F%2Fmpstest.longsys.com%2F HTTP/1.1" 200 94
2019-04-10 15:03:30,805 INFO "OPTIONS /api/v1/webCase/4/?userId=1&token=a54d28b39033ab32bd60d0bc1d17958fab0296fb HTTP/1.1" 200 0
2019-04-10 15:03:30,896 INFO "PATCH /api/v1/webCase/4/?userId=1&token=a54d28b39033ab32bd60d0bc1d17958fab0296fb HTTP/1.1" 200 293
2019-04-10 15:03:31,002 INFO "GET /api/v1/webCase/?userId=1&token=a54d28b39033ab32bd60d0bc1d17958fab0296fb&testType=6 HTTP/1.1" 200 1012
2019-04-10 15:03:31,015 INFO "GET /api/v1/checkWebCase/?userId=1&token=a54d28b39033ab32bd60d0bc1d17958fab0296fb&testType=6 HTTP/1.1" 200 547
2019-04-10 15:04:21,133 INFO "GET /api/v1/webCaseTest/?userId=1&token=a54d28b39033ab32bd60d0bc1d17958fab0296fb&testType=6&url=https:%2F%2Fmpstest.longsys.com%2F HTTP/1.1" 200 85
2019-04-10 15:05:48,610 INFO "GET /api/v1/webCase/?userId=1&token=a54d28b39033ab32bd60d0bc1d17958fab0296fb&testType=6 HTTP/1.1" 200 1012
2019-04-10 15:05:48,622 INFO "GET /api/v1/checkWebCase/?userId=1&token=a54d28b39033ab32bd60d0bc1d17958fab0296fb&testType=6 HTTP/1.1" 200 547
2019-04-10 15:05:58,425 INFO "GET /api/v1/webCase/?userId=1&token=a54d28b39033ab32bd60d0bc1d17958fab0296fb&testType=6 HTTP/1.1" 200 1012
2019-04-10 15:05:58,432 INFO "GET /api/v1/checkWebCase/?userId=1&token=a54d28b39033ab32bd60d0bc1d17958fab0296fb&testType=6 HTTP/1.1" 200 547
2019-04-10 15:06:20,270 INFO "GET /api/v1/webCaseTest/?userId=1&token=a54d28b39033ab32bd60d0bc1d17958fab0296fb&testType=6&url=https:%2F%2Fmpstest.longsys.com%2F HTTP/1.1" 200 85
2019-04-10 15:06:41,393 INFO "OPTIONS /api/v1/checkWebCase/4/?userId=1&token=a54d28b39033ab32bd60d0bc1d17958fab0296fb HTTP/1.1" 200 0
2019-04-10 15:06:41,456 INFO "PATCH /api/v1/checkWebCase/4/?userId=1&token=a54d28b39033ab32bd60d0bc1d17958fab0296fb HTTP/1.1" 200 297
2019-04-10 15:06:41,549 INFO "GET /api/v1/checkWebCase/?userId=1&token=a54d28b39033ab32bd60d0bc1d17958fab0296fb&testType=6 HTTP/1.1" 200 547
2019-04-10 15:06:41,584 INFO "GET /api/v1/webCase/?userId=1&token=a54d28b39033ab32bd60d0bc1d17958fab0296fb&testType=6 HTTP/1.1" 200 1012
2019-04-10 15:06:46,357 INFO "PATCH /api/v1/checkWebCase/9/?userId=1&token=a54d28b39033ab32bd60d0bc1d17958fab0296fb HTTP/1.1" 200 266
2019-04-10 15:06:46,438 INFO "GET /api/v1/webCase/?userId=1&token=a54d28b39033ab32bd60d0bc1d17958fab0296fb&testType=6 HTTP/1.1" 200 1012
2019-04-10 15:06:46,469 INFO "GET /api/v1/checkWebCase/?userId=1&token=a54d28b39033ab32bd60d0bc1d17958fab0296fb&testType=6 HTTP/1.1" 200 546
2019-04-10 15:07:00,821 INFO "GET /api/v1/webCaseTest/?userId=1&token=a54d28b39033ab32bd60d0bc1d17958fab0296fb&testType=6&url=https:%2F%2Fmpstest.longsys.com%2F HTTP/1.1" 200 95
2019-04-10 15:07:09,574 INFO "OPTIONS /api/v1/checkWebCase/9/?userId=1&token=a54d28b39033ab32bd60d0bc1d17958fab0296fb HTTP/1.1" 200 0
2019-04-10 15:07:09,639 INFO "PATCH /api/v1/checkWebCase/9/?userId=1&token=a54d28b39033ab32bd60d0bc1d17958fab0296fb HTTP/1.1" 200 265
2019-04-10 15:07:09,731 INFO "GET /api/v1/webCase/?userId=1&token=a54d28b39033ab32bd60d0bc1d17958fab0296fb&testType=6 HTTP/1.1" 200 1012
2019-04-10 15:07:09,747 INFO "GET /api/v1/checkWebCase/?userId=1&token=a54d28b39033ab32bd60d0bc1d17958fab0296fb&testType=6 HTTP/1.1" 200 545
2019-04-10 15:07:54,097 INFO "GET /api/v1/webCaseTest/?userId=1&token=a54d28b39033ab32bd60d0bc1d17958fab0296fb&testType=6&url=https:%2F%2Fmpstest.longsys.com%2F HTTP/1.1" 200 27
2019-04-10 15:13:01,738 INFO "DELETE /api/v1/checkWebCase/4/?userId=1&token=a54d28b39033ab32bd60d0bc1d17958fab0296fb HTTP/1.1" 204 27
2019-04-10 15:13:01,796 INFO "GET /api/v1/checkWebCase/?userId=1&token=a54d28b39033ab32bd60d0bc1d17958fab0296fb&testType=6 HTTP/1.1" 200 282
2019-04-10 15:13:01,814 INFO "GET /api/v1/webCase/?userId=1&token=a54d28b39033ab32bd60d0bc1d17958fab0296fb&testType=6 HTTP/1.1" 200 1012
2019-04-10 15:13:03,672 INFO "GET /api/v1/testType/?userId=1&token=a54d28b39033ab32bd60d0bc1d17958fab0296fb&object_id=6&content_type=12 HTTP/1.1" 200 451
2019-04-10 15:14:05,212 INFO "OPTIONS /api/v1/testType/7/?userId=1&token=a54d28b39033ab32bd60d0bc1d17958fab0296fb HTTP/1.1" 200 0
2019-04-10 15:14:05,278 INFO "PATCH /api/v1/testType/7/?userId=1&token=a54d28b39033ab32bd60d0bc1d17958fab0296fb HTTP/1.1" 200 235
2019-04-10 15:14:05,356 INFO "GET /api/v1/testType/?userId=1&token=a54d28b39033ab32bd60d0bc1d17958fab0296fb&object_id=6&content_type=12 HTTP/1.1" 200 447
2019-04-10 15:14:41,686 INFO "OPTIONS /api/v1/testType/6/?userId=1&token=a54d28b39033ab32bd60d0bc1d17958fab0296fb HTTP/1.1" 200 0
2019-04-10 15:14:41,734 INFO "PATCH /api/v1/testType/6/?userId=1&token=a54d28b39033ab32bd60d0bc1d17958fab0296fb HTTP/1.1" 200 235
2019-04-10 15:14:41,778 INFO "GET /api/v1/testType/?userId=1&token=a54d28b39033ab32bd60d0bc1d17958fab0296fb&object_id=6&content_type=12 HTTP/1.1" 200 453
2019-04-10 15:14:45,052 INFO "GET /api/v1/webCase/?userId=1&token=a54d28b39033ab32bd60d0bc1d17958fab0296fb&testType=7 HTTP/1.1" 200 790
2019-04-10 15:14:45,076 INFO "GET /api/v1/checkWebCase/?userId=1&token=a54d28b39033ab32bd60d0bc1d17958fab0296fb&testType=7 HTTP/1.1" 200 330
2019-04-10 15:15:18,846 INFO "OPTIONS /api/v1/webCase/?userId=1&token=a54d28b39033ab32bd60d0bc1d17958fab0296fb HTTP/1.1" 200 0
2019-04-10 15:15:18,916 INFO "POST /api/v1/webCase/?userId=1&token=a54d28b39033ab32bd60d0bc1d17958fab0296fb HTTP/1.1" 201 243
2019-04-10 15:15:18,982 INFO "GET /api/v1/webCase/?userId=1&token=a54d28b39033ab32bd60d0bc1d17958fab0296fb&testType=7 HTTP/1.1" 200 999
2019-04-10 15:15:19,003 INFO "GET /api/v1/checkWebCase/?userId=1&token=a54d28b39033ab32bd60d0bc1d17958fab0296fb&testType=7 HTTP/1.1" 200 330
2019-04-10 15:15:38,776 INFO "OPTIONS /api/v1/webCase/26/?userId=1&token=a54d28b39033ab32bd60d0bc1d17958fab0296fb HTTP/1.1" 200 0
2019-04-10 15:15:38,838 INFO "PATCH /api/v1/webCase/26/?userId=1&token=a54d28b39033ab32bd60d0bc1d17958fab0296fb HTTP/1.1" 200 290
2019-04-10 15:15:38,937 INFO "GET /api/v1/webCase/?userId=1&token=a54d28b39033ab32bd60d0bc1d17958fab0296fb&testType=7 HTTP/1.1" 200 1046
2019-04-10 15:15:38,937 INFO "GET /api/v1/checkWebCase/?userId=1&token=a54d28b39033ab32bd60d0bc1d17958fab0296fb&testType=7 HTTP/1.1" 200 330
2019-04-10 15:15:43,932 INFO "PATCH /api/v1/webCase/26/?userId=1&token=a54d28b39033ab32bd60d0bc1d17958fab0296fb HTTP/1.1" 200 292
2019-04-10 15:15:43,997 INFO "GET /api/v1/webCase/?userId=1&token=a54d28b39033ab32bd60d0bc1d17958fab0296fb&testType=7 HTTP/1.1" 200 1048
2019-04-10 15:15:44,020 INFO "GET /api/v1/checkWebCase/?userId=1&token=a54d28b39033ab32bd60d0bc1d17958fab0296fb&testType=7 HTTP/1.1" 200 330
2019-04-10 15:16:26,058 INFO "POST /api/v1/webCase/?userId=1&token=a54d28b39033ab32bd60d0bc1d17958fab0296fb HTTP/1.1" 201 237
2019-04-10 15:16:26,132 INFO "GET /api/v1/webCase/?userId=1&token=a54d28b39033ab32bd60d0bc1d17958fab0296fb&testType=7 HTTP/1.1" 200 1251
2019-04-10 15:16:26,155 INFO "GET /api/v1/checkWebCase/?userId=1&token=a54d28b39033ab32bd60d0bc1d17958fab0296fb&testType=7 HTTP/1.1" 200 330
2019-04-10 15:16:48,071 INFO "OPTIONS /api/v1/webCase/27/?userId=1&token=a54d28b39033ab32bd60d0bc1d17958fab0296fb HTTP/1.1" 200 0
2019-04-10 15:16:48,118 INFO "PATCH /api/v1/webCase/27/?userId=1&token=a54d28b39033ab32bd60d0bc1d17958fab0296fb HTTP/1.1" 200 297
2019-04-10 15:16:48,165 INFO "GET /api/v1/checkWebCase/?userId=1&token=a54d28b39033ab32bd60d0bc1d17958fab0296fb&testType=7 HTTP/1.1" 200 330
2019-04-10 15:16:48,172 INFO "GET /api/v1/webCase/?userId=1&token=a54d28b39033ab32bd60d0bc1d17958fab0296fb&testType=7 HTTP/1.1" 200 1311
2019-04-10 15:19:55,780 INFO "POST /api/v1/webCase/?userId=1&token=a54d28b39033ab32bd60d0bc1d17958fab0296fb HTTP/1.1" 201 239
2019-04-10 15:19:55,833 INFO "GET /api/v1/webCase/?userId=1&token=a54d28b39033ab32bd60d0bc1d17958fab0296fb&testType=7 HTTP/1.1" 200 1516
2019-04-10 15:19:55,839 INFO "GET /api/v1/checkWebCase/?userId=1&token=a54d28b39033ab32bd60d0bc1d17958fab0296fb&testType=7 HTTP/1.1" 200 330
2019-04-10 15:20:17,298 INFO "OPTIONS /api/v1/webCase/28/?userId=1&token=a54d28b39033ab32bd60d0bc1d17958fab0296fb HTTP/1.1" 200 0
2019-04-10 15:20:17,362 INFO "PATCH /api/v1/webCase/28/?userId=1&token=a54d28b39033ab32bd60d0bc1d17958fab0296fb HTTP/1.1" 200 269
2019-04-10 15:20:17,430 INFO "GET /api/v1/webCase/?userId=1&token=a54d28b39033ab32bd60d0bc1d17958fab0296fb&testType=7 HTTP/1.1" 200 1546
2019-04-10 15:20:17,440 INFO "GET /api/v1/checkWebCase/?userId=1&token=a54d28b39033ab32bd60d0bc1d17958fab0296fb&testType=7 HTTP/1.1" 200 330
2019-04-10 15:20:28,578 INFO "PATCH /api/v1/webCase/28/?userId=1&token=a54d28b39033ab32bd60d0bc1d17958fab0296fb HTTP/1.1" 200 271
2019-04-10 15:20:28,673 INFO "GET /api/v1/checkWebCase/?userId=1&token=a54d28b39033ab32bd60d0bc1d17958fab0296fb&testType=7 HTTP/1.1" 200 330
2019-04-10 15:20:28,674 INFO "GET /api/v1/webCase/?userId=1&token=a54d28b39033ab32bd60d0bc1d17958fab0296fb&testType=7 HTTP/1.1" 200 1548
2019-04-10 15:20:33,930 INFO "POST /api/v1/webCase/?userId=1&token=a54d28b39033ab32bd60d0bc1d17958fab0296fb HTTP/1.1" 201 230
2019-04-10 15:20:33,979 INFO "GET /api/v1/webCase/?userId=1&token=a54d28b39033ab32bd60d0bc1d17958fab0296fb&testType=7 HTTP/1.1" 200 1744
2019-04-10 15:20:33,988 INFO "GET /api/v1/checkWebCase/?userId=1&token=a54d28b39033ab32bd60d0bc1d17958fab0296fb&testType=7 HTTP/1.1" 200 330
2019-04-10 15:20:49,771 INFO "OPTIONS /api/v1/webCase/29/?userId=1&token=a54d28b39033ab32bd60d0bc1d17958fab0296fb HTTP/1.1" 200 0
2019-04-10 15:20:49,836 INFO "PATCH /api/v1/webCase/29/?userId=1&token=a54d28b39033ab32bd60d0bc1d17958fab0296fb HTTP/1.1" 200 267
2019-04-10 15:20:49,910 INFO "GET /api/v1/checkWebCase/?userId=1&token=a54d28b39033ab32bd60d0bc1d17958fab0296fb&testType=7 HTTP/1.1" 200 330
2019-04-10 15:20:49,911 INFO "GET /api/v1/webCase/?userId=1&token=a54d28b39033ab32bd60d0bc1d17958fab0296fb&testType=7 HTTP/1.1" 200 1781
2019-04-10 15:21:46,803 INFO "OPTIONS /api/v1/webCase/20/?userId=1&token=a54d28b39033ab32bd60d0bc1d17958fab0296fb HTTP/1.1" 200 0
2019-04-10 15:21:46,848 INFO "PATCH /api/v1/webCase/20/?userId=1&token=a54d28b39033ab32bd60d0bc1d17958fab0296fb HTTP/1.1" 200 292
2019-04-10 15:21:46,898 INFO "GET /api/v1/checkWebCase/?userId=1&token=a54d28b39033ab32bd60d0bc1d17958fab0296fb&testType=7 HTTP/1.1" 200 330
2019-04-10 15:21:46,908 INFO "GET /api/v1/webCase/?userId=1&token=a54d28b39033ab32bd60d0bc1d17958fab0296fb&testType=7 HTTP/1.1" 200 1781
2019-04-10 15:21:54,077 INFO "OPTIONS /api/v1/webCase/21/?userId=1&token=a54d28b39033ab32bd60d0bc1d17958fab0296fb HTTP/1.1" 200 0
2019-04-10 15:21:54,134 INFO "PATCH /api/v1/webCase/21/?userId=1&token=a54d28b39033ab32bd60d0bc1d17958fab0296fb HTTP/1.1" 200 290
2019-04-10 15:21:54,194 INFO "GET /api/v1/checkWebCase/?userId=1&token=a54d28b39033ab32bd60d0bc1d17958fab0296fb&testType=7 HTTP/1.1" 200 330
2019-04-10 15:21:54,207 INFO "GET /api/v1/webCase/?userId=1&token=a54d28b39033ab32bd60d0bc1d17958fab0296fb&testType=7 HTTP/1.1" 200 1781
2019-04-10 15:22:24,378 INFO "OPTIONS /api/v1/webCase/22/?userId=1&token=a54d28b39033ab32bd60d0bc1d17958fab0296fb HTTP/1.1" 200 0
2019-04-10 15:22:24,432 INFO "PATCH /api/v1/webCase/22/?userId=1&token=a54d28b39033ab32bd60d0bc1d17958fab0296fb HTTP/1.1" 200 253
2019-04-10 15:22:24,487 INFO "GET /api/v1/checkWebCase/?userId=1&token=a54d28b39033ab32bd60d0bc1d17958fab0296fb&testType=7 HTTP/1.1" 200 330
2019-04-10 15:22:24,488 INFO "GET /api/v1/webCase/?userId=1&token=a54d28b39033ab32bd60d0bc1d17958fab0296fb&testType=7 HTTP/1.1" 200 1775
2019-04-10 15:22:48,741 INFO "POST /api/v1/webCase/?userId=1&token=a54d28b39033ab32bd60d0bc1d17958fab0296fb HTTP/1.1" 201 239
2019-04-10 15:22:48,836 INFO "GET /api/v1/webCase/?userId=1&token=a54d28b39033ab32bd60d0bc1d17958fab0296fb&testType=7 HTTP/1.1" 200 1980
2019-04-10 15:22:48,897 INFO "GET /api/v1/checkWebCase/?userId=1&token=a54d28b39033ab32bd60d0bc1d17958fab0296fb&testType=7 HTTP/1.1" 200 330
2019-04-10 15:22:58,462 INFO "OPTIONS /api/v1/webCase/30/?userId=1&token=a54d28b39033ab32bd60d0bc1d17958fab0296fb HTTP/1.1" 200 0
2019-04-10 15:22:58,504 INFO "PATCH /api/v1/webCase/30/?userId=1&token=a54d28b39033ab32bd60d0bc1d17958fab0296fb HTTP/1.1" 200 279
2019-04-10 15:22:58,562 INFO "GET /api/v1/checkWebCase/?userId=1&token=a54d28b39033ab32bd60d0bc1d17958fab0296fb&testType=7 HTTP/1.1" 200 330
2019-04-10 15:22:58,570 INFO "GET /api/v1/webCase/?userId=1&token=a54d28b39033ab32bd60d0bc1d17958fab0296fb&testType=7 HTTP/1.1" 200 2020
2019-04-10 15:23:07,963 INFO "PATCH /api/v1/webCase/30/?userId=1&token=a54d28b39033ab32bd60d0bc1d17958fab0296fb HTTP/1.1" 200 288
2019-04-10 15:23:08,029 INFO "GET /api/v1/webCase/?userId=1&token=a54d28b39033ab32bd60d0bc1d17958fab0296fb&testType=7 HTTP/1.1" 200 2029
2019-04-10 15:23:08,038 INFO "GET /api/v1/checkWebCase/?userId=1&token=a54d28b39033ab32bd60d0bc1d17958fab0296fb&testType=7 HTTP/1.1" 200 330
2019-04-10 15:23:14,542 INFO "POST /api/v1/webCase/?userId=1&token=a54d28b39033ab32bd60d0bc1d17958fab0296fb HTTP/1.1" 201 230
2019-04-10 15:23:14,587 INFO "GET /api/v1/checkWebCase/?userId=1&token=a54d28b39033ab32bd60d0bc1d17958fab0296fb&testType=7 HTTP/1.1" 200 330
2019-04-10 15:23:14,592 INFO "GET /api/v1/webCase/?userId=1&token=a54d28b39033ab32bd60d0bc1d17958fab0296fb&testType=7 HTTP/1.1" 200 2225
2019-04-10 15:23:39,886 INFO "OPTIONS /api/v1/webCase/31/?userId=1&token=a54d28b39033ab32bd60d0bc1d17958fab0296fb HTTP/1.1" 200 0
2019-04-10 15:23:39,971 INFO "PATCH /api/v1/webCase/31/?userId=1&token=a54d28b39033ab32bd60d0bc1d17958fab0296fb HTTP/1.1" 200 279
2019-04-10 15:23:40,019 INFO "GET /api/v1/webCase/?userId=1&token=a54d28b39033ab32bd60d0bc1d17958fab0296fb&testType=7 HTTP/1.1" 200 2274
2019-04-10 15:23:40,032 INFO "GET /api/v1/checkWebCase/?userId=1&token=a54d28b39033ab32bd60d0bc1d17958fab0296fb&testType=7 HTTP/1.1" 200 330
2019-04-10 15:24:12,590 INFO "PATCH /api/v1/webCase/27/?userId=1&token=a54d28b39033ab32bd60d0bc1d17958fab0296fb HTTP/1.1" 200 303
2019-04-10 15:24:12,645 INFO "GET /api/v1/webCase/?userId=1&token=a54d28b39033ab32bd60d0bc1d17958fab0296fb&testType=7 HTTP/1.1" 200 2280
2019-04-10 15:24:12,663 INFO "GET /api/v1/checkWebCase/?userId=1&token=a54d28b39033ab32bd60d0bc1d17958fab0296fb&testType=7 HTTP/1.1" 200 330
2019-04-10 15:26:29,158 INFO "OPTIONS /api/v1/webCase/?userId=1&token=a54d28b39033ab32bd60d0bc1d17958fab0296fb HTTP/1.1" 200 0
2019-04-10 15:26:29,207 INFO "POST /api/v1/webCase/?userId=1&token=a54d28b39033ab32bd60d0bc1d17958fab0296fb HTTP/1.1" 201 240
2019-04-10 15:26:29,284 INFO "GET /api/v1/webCase/?userId=1&token=a54d28b39033ab32bd60d0bc1d17958fab0296fb&testType=7 HTTP/1.1" 200 2487
2019-04-10 15:26:29,285 INFO "GET /api/v1/checkWebCase/?userId=1&token=a54d28b39033ab32bd60d0bc1d17958fab0296fb&testType=7 HTTP/1.1" 200 330
2019-04-10 15:26:47,111 INFO "OPTIONS /api/v1/webCase/32/?userId=1&token=a54d28b39033ab32bd60d0bc1d17958fab0296fb HTTP/1.1" 200 0
2019-04-10 15:26:47,151 INFO "PATCH /api/v1/webCase/32/?userId=1&token=a54d28b39033ab32bd60d0bc1d17958fab0296fb HTTP/1.1" 200 241
2019-04-10 15:26:47,197 INFO "GET /api/v1/checkWebCase/?userId=1&token=a54d28b39033ab32bd60d0bc1d17958fab0296fb&testType=7 HTTP/1.1" 200 330
2019-04-10 15:26:47,219 INFO "GET /api/v1/webCase/?userId=1&token=a54d28b39033ab32bd60d0bc1d17958fab0296fb&testType=7 HTTP/1.1" 200 2488
2019-04-10 15:27:10,406 INFO "POST /api/v1/webCase/?userId=1&token=a54d28b39033ab32bd60d0bc1d17958fab0296fb HTTP/1.1" 201 234
2019-04-10 15:27:10,478 INFO "GET /api/v1/webCase/?userId=1&token=a54d28b39033ab32bd60d0bc1d17958fab0296fb&testType=7 HTTP/1.1" 200 2590
2019-04-10 15:27:10,494 INFO "GET /api/v1/checkWebCase/?userId=1&token=a54d28b39033ab32bd60d0bc1d17958fab0296fb&testType=7 HTTP/1.1" 200 330
2019-04-10 15:27:13,285 INFO "OPTIONS /api/v1/webCase/33/?userId=1&token=a54d28b39033ab32bd60d0bc1d17958fab0296fb HTTP/1.1" 200 0
2019-04-10 15:27:13,334 INFO "PATCH /api/v1/webCase/33/?userId=1&token=a54d28b39033ab32bd60d0bc1d17958fab0296fb HTTP/1.1" 200 235
2019-04-10 15:27:13,400 INFO "GET /api/v1/checkWebCase/?userId=1&token=a54d28b39033ab32bd60d0bc1d17958fab0296fb&testType=7 HTTP/1.1" 200 330
2019-04-10 15:27:13,409 INFO "GET /api/v1/webCase/?userId=1&token=a54d28b39033ab32bd60d0bc1d17958fab0296fb&testType=7 HTTP/1.1" 200 2597
2019-04-10 15:27:25,032 INFO "POST /api/v1/webCase/?userId=1&token=a54d28b39033ab32bd60d0bc1d17958fab0296fb HTTP/1.1" 201 246
2019-04-10 15:27:25,112 INFO "GET /api/v1/webCase/?userId=1&token=a54d28b39033ab32bd60d0bc1d17958fab0296fb&testType=7 HTTP/1.1" 200 2602
2019-04-10 15:27:25,127 INFO "GET /api/v1/checkWebCase/?userId=1&token=a54d28b39033ab32bd60d0bc1d17958fab0296fb&testType=7 HTTP/1.1" 200 330
2019-04-10 15:27:28,498 INFO "OPTIONS /api/v1/webCase/34/?userId=1&token=a54d28b39033ab32bd60d0bc1d17958fab0296fb HTTP/1.1" 200 0
2019-04-10 15:27:28,540 INFO "PATCH /api/v1/webCase/34/?userId=1&token=a54d28b39033ab32bd60d0bc1d17958fab0296fb HTTP/1.1" 200 247
2019-04-10 15:27:28,591 INFO "GET /api/v1/webCase/?userId=1&token=a54d28b39033ab32bd60d0bc1d17958fab0296fb&testType=7 HTTP/1.1" 200 2597
2019-04-10 15:27:28,614 INFO "GET /api/v1/checkWebCase/?userId=1&token=a54d28b39033ab32bd60d0bc1d17958fab0296fb&testType=7 HTTP/1.1" 200 330
2019-04-10 15:28:07,755 INFO "GET /api/v1/webCase/?page=2&testType=7&token=a54d28b39033ab32bd60d0bc1d17958fab0296fb&userId=1 HTTP/1.1" 200 568
2019-04-10 15:28:08,952 INFO "GET /api/v1/webCase/?testType=7&token=a54d28b39033ab32bd60d0bc1d17958fab0296fb&userId=1 HTTP/1.1" 200 2597
2019-04-10 15:30:18,344 INFO "PATCH /api/v1/webCase/32/?userId=1&token=a54d28b39033ab32bd60d0bc1d17958fab0296fb HTTP/1.1" 200 246
2019-04-10 15:30:18,410 INFO "GET /api/v1/webCase/?userId=1&token=a54d28b39033ab32bd60d0bc1d17958fab0296fb&testType=7 HTTP/1.1" 200 2602
2019-04-10 15:30:18,415 INFO "GET /api/v1/checkWebCase/?userId=1&token=a54d28b39033ab32bd60d0bc1d17958fab0296fb&testType=7 HTTP/1.1" 200 330
2019-04-10 15:30:20,265 INFO "GET /api/v1/webCase/?page=2&testType=7&token=a54d28b39033ab32bd60d0bc1d17958fab0296fb&userId=1 HTTP/1.1" 200 568
2019-04-10 15:31:02,618 INFO "PATCH /api/v1/webCase/33/?userId=1&token=a54d28b39033ab32bd60d0bc1d17958fab0296fb HTTP/1.1" 200 280
2019-04-10 15:31:02,673 INFO "GET /api/v1/checkWebCase/?userId=1&token=a54d28b39033ab32bd60d0bc1d17958fab0296fb&testType=7 HTTP/1.1" 200 330
2019-04-10 15:31:02,674 INFO "GET /api/v1/webCase/?userId=1&token=a54d28b39033ab32bd60d0bc1d17958fab0296fb&testType=7 HTTP/1.1" 200 2602
2019-04-10 15:31:04,717 INFO "GET /api/v1/webCase/?page=2&testType=7&token=a54d28b39033ab32bd60d0bc1d17958fab0296fb&userId=1 HTTP/1.1" 200 613
2019-04-10 15:31:26,216 INFO "PATCH /api/v1/webCase/34/?userId=1&token=a54d28b39033ab32bd60d0bc1d17958fab0296fb HTTP/1.1" 200 287
2019-04-10 15:31:26,269 INFO "GET /api/v1/webCase/?userId=1&token=a54d28b39033ab32bd60d0bc1d17958fab0296fb&testType=7 HTTP/1.1" 200 2602
2019-04-10 15:31:26,270 INFO "GET /api/v1/checkWebCase/?userId=1&token=a54d28b39033ab32bd60d0bc1d17958fab0296fb&testType=7 HTTP/1.1" 200 330
2019-04-10 15:31:29,680 INFO "GET /api/v1/webCase/?page=2&testType=7&token=a54d28b39033ab32bd60d0bc1d17958fab0296fb&userId=1 HTTP/1.1" 200 653
2019-04-10 15:32:39,598 INFO "POST /api/v1/webCase/?userId=1&token=a54d28b39033ab32bd60d0bc1d17958fab0296fb HTTP/1.1" 201 234
2019-04-10 15:32:39,652 INFO "GET /api/v1/checkWebCase/?userId=1&token=a54d28b39033ab32bd60d0bc1d17958fab0296fb&testType=7 HTTP/1.1" 200 330
2019-04-10 15:32:39,663 INFO "GET /api/v1/webCase/?userId=1&token=a54d28b39033ab32bd60d0bc1d17958fab0296fb&testType=7 HTTP/1.1" 200 2590
2019-04-10 15:33:58,614 INFO "OPTIONS /api/v1/webCase/35/?userId=1&token=a54d28b39033ab32bd60d0bc1d17958fab0296fb HTTP/1.1" 200 0
2019-04-10 15:33:58,669 INFO "PATCH /api/v1/webCase/35/?userId=1&token=a54d28b39033ab32bd60d0bc1d17958fab0296fb HTTP/1.1" 200 245
2019-04-10 15:33:58,713 INFO "GET /api/v1/webCase/?userId=1&token=a54d28b39033ab32bd60d0bc1d17958fab0296fb&testType=7 HTTP/1.1" 200 2602
2019-04-10 15:33:58,723 INFO "GET /api/v1/checkWebCase/?userId=1&token=a54d28b39033ab32bd60d0bc1d17958fab0296fb&testType=7 HTTP/1.1" 200 330
2019-04-10 15:33:59,993 INFO "GET /api/v1/webCase/?page=2&testType=7&token=a54d28b39033ab32bd60d0bc1d17958fab0296fb&userId=1 HTTP/1.1" 200 864
2019-04-10 15:39:21,651 INFO "GET /api/v1/checkWebCase/?userId=1&token=a54d28b39033ab32bd60d0bc1d17958fab0296fb&testType=7 HTTP/1.1" 200 330
2019-04-10 15:39:21,657 INFO "GET /api/v1/webCase/?userId=1&token=a54d28b39033ab32bd60d0bc1d17958fab0296fb&testType=7 HTTP/1.1" 200 2602
2019-04-10 15:39:26,181 INFO "GET /api/v1/webCase/?page=2&testType=7&token=a54d28b39033ab32bd60d0bc1d17958fab0296fb&userId=1 HTTP/1.1" 200 1835
2019-04-10 15:42:25,100 INFO "GET /api/v1/webCase/?testType=7&token=a54d28b39033ab32bd60d0bc1d17958fab0296fb&userId=1 HTTP/1.1" 200 2602
2019-04-10 15:42:25,733 INFO "GET /api/v1/webCase/?page=2&testType=7&token=a54d28b39033ab32bd60d0bc1d17958fab0296fb&userId=1 HTTP/1.1" 200 2543
2019-04-10 15:42:29,983 INFO "GET /api/v1/webCase/?userId=1&token=a54d28b39033ab32bd60d0bc1d17958fab0296fb&testType=7 HTTP/1.1" 200 2602
2019-04-10 15:42:29,989 INFO "GET /api/v1/checkWebCase/?userId=1&token=a54d28b39033ab32bd60d0bc1d17958fab0296fb&testType=7 HTTP/1.1" 200 330
2019-04-10 15:42:34,128 INFO "GET /api/v1/webCase/?page=2&testType=7&token=a54d28b39033ab32bd60d0bc1d17958fab0296fb&userId=1 HTTP/1.1" 200 2543
2019-04-10 15:42:47,235 INFO "OPTIONS /api/v1/webCase/?userId=1&token=a54d28b39033ab32bd60d0bc1d17958fab0296fb HTTP/1.1" 200 0
2019-04-10 15:42:47,301 INFO "POST /api/v1/webCase/?userId=1&token=a54d28b39033ab32bd60d0bc1d17958fab0296fb HTTP/1.1" 201 240
2019-04-10 15:42:47,360 INFO "GET /api/v1/checkWebCase/?userId=1&token=a54d28b39033ab32bd60d0bc1d17958fab0296fb&testType=7 HTTP/1.1" 200 330
2019-04-10 15:42:47,367 INFO "GET /api/v1/webCase/?userId=1&token=a54d28b39033ab32bd60d0bc1d17958fab0296fb&testType=7 HTTP/1.1" 200 2596
2019-04-10 15:42:50,808 INFO "OPTIONS /api/v1/webCase/44/?userId=1&token=a54d28b39033ab32bd60d0bc1d17958fab0296fb HTTP/1.1" 200 0
2019-04-10 15:42:50,844 INFO "PATCH /api/v1/webCase/44/?userId=1&token=a54d28b39033ab32bd60d0bc1d17958fab0296fb HTTP/1.1" 200 241
2019-04-10 15:42:50,896 INFO "GET /api/v1/webCase/?userId=1&token=a54d28b39033ab32bd60d0bc1d17958fab0296fb&testType=7 HTTP/1.1" 200 2602
2019-04-10 15:42:50,896 INFO "GET /api/v1/checkWebCase/?userId=1&token=a54d28b39033ab32bd60d0bc1d17958fab0296fb&testType=7 HTTP/1.1" 200 330
2019-04-10 15:42:52,353 INFO "GET /api/v1/webCase/?page=2&testType=7&token=a54d28b39033ab32bd60d0bc1d17958fab0296fb&userId=1 HTTP/1.1" 200 2606
2019-04-10 15:43:03,182 INFO "PATCH /api/v1/webCase/44/?userId=1&token=a54d28b39033ab32bd60d0bc1d17958fab0296fb HTTP/1.1" 200 245
2019-04-10 15:43:03,282 INFO "GET /api/v1/checkWebCase/?userId=1&token=a54d28b39033ab32bd60d0bc1d17958fab0296fb&testType=7 HTTP/1.1" 200 330
2019-04-10 15:43:03,282 INFO "GET /api/v1/webCase/?userId=1&token=a54d28b39033ab32bd60d0bc1d17958fab0296fb&testType=7 HTTP/1.1" 200 2602
2019-04-10 15:43:33,304 INFO "GET /api/v1/webCaseTest/?userId=1&token=a54d28b39033ab32bd60d0bc1d17958fab0296fb&testType=7&url=https:%2F%2Fmpstest.longsys.com%2F HTTP/1.1" 200 2259
2019-04-10 15:46:27,651 INFO "GET /api/v1/webCaseTest/?userId=1&token=a54d28b39033ab32bd60d0bc1d17958fab0296fb&testType=7&url=https:%2F%2Fmpstest.longsys.com%2F HTTP/1.1" 200 2259
2019-04-10 15:47:35,544 INFO "GET /api/v1/webCaseTest/?userId=1&token=a54d28b39033ab32bd60d0bc1d17958fab0296fb&testType=7&url=https:%2F%2Fmpstest.longsys.com%2F HTTP/1.1" 200 2259
2019-04-10 15:49:14,078 INFO "GET /api/v1/webCase/?userId=1&token=a54d28b39033ab32bd60d0bc1d17958fab0296fb&testType=7 HTTP/1.1" 200 2602
2019-04-10 15:49:14,080 INFO "GET /api/v1/checkWebCase/?userId=1&token=a54d28b39033ab32bd60d0bc1d17958fab0296fb&testType=7 HTTP/1.1" 200 330
2019-04-10 15:49:38,604 INFO "GET /api/v1/webCaseTest/?userId=1&token=a54d28b39033ab32bd60d0bc1d17958fab0296fb&testType=7&url=https:%2F%2Fmpstest.longsys.com%2F HTTP/1.1" 200 2259
2019-04-10 15:50:49,287 INFO "GET /api/v1/webCaseTest/?userId=1&token=a54d28b39033ab32bd60d0bc1d17958fab0296fb&testType=7&url=https:%2F%2Fmpstest.longsys.com%2F HTTP/1.1" 200 2259
2019-04-10 15:53:24,212 ERROR Internal Server Error: /api/v1/webCaseTest/
Traceback (most recent call last):
  File "e:\MyWorkSpace\Autotestplat\autotest_drf\user\tests.py", line 185, in webCase
    message='-%s' % (webCase.webcss))
  File "d:\Anaconda3\lib\site-packages\selenium\webdriver\support\wait.py", line 80, in until
    raise TimeoutException(message, screen, stacktrace)
selenium.common.exceptions.TimeoutException: Message: -.info-item:nth-of-type(1) .el-input__inner
Screenshot: available via screen
Stacktrace:
    at jdk.internal.reflect.NativeConstructorAccessorImpl.newInstance0 (NativeConstructorAccessorImpl.java:-2)
    at jdk.internal.reflect.NativeConstructorAccessorImpl.newInstance (NativeConstructorAccessorImpl.java:62)
    at jdk.internal.reflect.DelegatingConstructorAccessorImpl.newInstance (DelegatingConstructorAccessorImpl.java:45)
    at java.lang.reflect.Constructor.newInstance (Constructor.java:490)
    at org.openqa.selenium.remote.ErrorHandler.createThrowable (ErrorHandler.java:193)
    at org.openqa.selenium.remote.ErrorHandler.throwIfResponseFailed (ErrorHandler.java:145)
    at org.openqa.selenium.remote.RemoteWebDriver.execute (RemoteWebDriver.java:595)
    at org.openqa.selenium.remote.RemoteWebDriver.findElement (RemoteWebDriver.java:348)
    at org.openqa.selenium.remote.RemoteWebDriver.findElementByCssSelector (RemoteWebDriver.java:437)
    at org.openqa.selenium.By$ByCssSelector.findElement (By.java:426)
    at org.openqa.selenium.remote.RemoteWebDriver.findElement (RemoteWebDriver.java:340)
    at jdk.internal.reflect.GeneratedMethodAccessor18.invoke (None:-1)
    at jdk.internal.reflect.DelegatingMethodAccessorImpl.invoke (DelegatingMethodAccessorImpl.java:43)
    at java.lang.reflect.Method.invoke (Method.java:566)
    at org.openqa.selenium.support.events.EventFiringWebDriver$2.invoke (EventFiringWebDriver.java:101)
    at com.sun.proxy.$Proxy4.findElement (None:-1)
    at org.openqa.selenium.support.events.EventFiringWebDriver.findElement (EventFiringWebDriver.java:184)
    at org.openqa.selenium.remote.server.handler.FindElement.call (FindElement.java:47)
    at org.openqa.selenium.remote.server.handler.FindElement.call (FindElement.java:1)
    at java.util.concurrent.FutureTask.run (FutureTask.java:264)
    at org.openqa.selenium.remote.server.DefaultSession$1.run (DefaultSession.java:170)
    at java.util.concurrent.ThreadPoolExecutor.runWorker (ThreadPoolExecutor.java:1128)
    at java.util.concurrent.ThreadPoolExecutor$Worker.run (ThreadPoolExecutor.java:628)
    at java.lang.Thread.run (Thread.java:834)

During handling of the above exception, another exception occurred:

Traceback (most recent call last):
  File "d:\Anaconda3\lib\site-packages\django\core\handlers\exception.py", line 34, in inner
    response = get_response(request)
  File "d:\Anaconda3\lib\site-packages\django\core\handlers\base.py", line 126, in _get_response
    response = self.process_exception_by_middleware(e, request)
  File "d:\Anaconda3\lib\site-packages\django\core\handlers\base.py", line 124, in _get_response
    response = wrapped_callback(request, *callback_args, **callback_kwargs)
  File "d:\Anaconda3\lib\site-packages\django\views\decorators\csrf.py", line 54, in wrapped_view
    return view_func(*args, **kwargs)
  File "d:\Anaconda3\lib\site-packages\django\views\generic\base.py", line 68, in view
    return self.dispatch(request, *args, **kwargs)
  File "d:\Anaconda3\lib\site-packages\rest_framework\views.py", line 495, in dispatch
    response = self.handle_exception(exc)
  File "d:\Anaconda3\lib\site-packages\rest_framework\views.py", line 455, in handle_exception
    self.raise_uncaught_exception(exc)
  File "d:\Anaconda3\lib\site-packages\rest_framework\views.py", line 492, in dispatch
    response = handler(request, *args, **kwargs)
  File "e:\MyWorkSpace\Autotestplat\autotest_drf\user\views.py", line 220, in get
    data = webCase(url, host, webType, webManager)
  File "e:\MyWorkSpace\Autotestplat\autotest_drf\user\tests.py", line 195, in webCase
    print(webCase.webname + ' ' + error)
TypeError: must be str, not NoneType
2019-04-10 15:53:24,225 ERROR "GET /api/v1/webCaseTest/?userId=1&token=a54d28b39033ab32bd60d0bc1d17958fab0296fb&testType=7&url=https:%2F%2Fmpstest.longsys.com%2F HTTP/1.1" 500 22154
2019-04-10 15:59:24,926 INFO "GET /api/v1/checkWebCase/?userId=1&token=a54d28b39033ab32bd60d0bc1d17958fab0296fb&testType=7 HTTP/1.1" 200 330
2019-04-10 15:59:24,938 INFO "GET /api/v1/webCase/?userId=1&token=a54d28b39033ab32bd60d0bc1d17958fab0296fb&testType=7 HTTP/1.1" 200 2602
2019-04-10 15:59:33,796 ERROR Internal Server Error: /api/v1/webCaseTest/
Traceback (most recent call last):
  File "e:\MyWorkSpace\Autotestplat\autotest_drf\user\tests.py", line 185, in webCase
    message='-%s' % (webCase.webcss))
  File "d:\Anaconda3\lib\site-packages\selenium\webdriver\support\wait.py", line 80, in until
    raise TimeoutException(message, screen, stacktrace)
selenium.common.exceptions.TimeoutException: Message: -.info-item:nth-of-type(1) .el-input__inner
Screenshot: available via screen
Stacktrace:
    at jdk.internal.reflect.NativeConstructorAccessorImpl.newInstance0 (NativeConstructorAccessorImpl.java:-2)
    at jdk.internal.reflect.NativeConstructorAccessorImpl.newInstance (NativeConstructorAccessorImpl.java:62)
    at jdk.internal.reflect.DelegatingConstructorAccessorImpl.newInstance (DelegatingConstructorAccessorImpl.java:45)
    at java.lang.reflect.Constructor.newInstance (Constructor.java:490)
    at org.openqa.selenium.remote.ErrorHandler.createThrowable (ErrorHandler.java:193)
    at org.openqa.selenium.remote.ErrorHandler.throwIfResponseFailed (ErrorHandler.java:145)
    at org.openqa.selenium.remote.RemoteWebDriver.execute (RemoteWebDriver.java:595)
    at org.openqa.selenium.remote.RemoteWebDriver.findElement (RemoteWebDriver.java:348)
    at org.openqa.selenium.remote.RemoteWebDriver.findElementByCssSelector (RemoteWebDriver.java:437)
    at org.openqa.selenium.By$ByCssSelector.findElement (By.java:426)
    at org.openqa.selenium.remote.RemoteWebDriver.findElement (RemoteWebDriver.java:340)
    at jdk.internal.reflect.GeneratedMethodAccessor18.invoke (None:-1)
    at jdk.internal.reflect.DelegatingMethodAccessorImpl.invoke (DelegatingMethodAccessorImpl.java:43)
    at java.lang.reflect.Method.invoke (Method.java:566)
    at org.openqa.selenium.support.events.EventFiringWebDriver$2.invoke (EventFiringWebDriver.java:101)
    at com.sun.proxy.$Proxy4.findElement (None:-1)
    at org.openqa.selenium.support.events.EventFiringWebDriver.findElement (EventFiringWebDriver.java:184)
    at org.openqa.selenium.remote.server.handler.FindElement.call (FindElement.java:47)
    at org.openqa.selenium.remote.server.handler.FindElement.call (FindElement.java:1)
    at java.util.concurrent.FutureTask.run (FutureTask.java:264)
    at org.openqa.selenium.remote.server.DefaultSession$1.run (DefaultSession.java:170)
    at java.util.concurrent.ThreadPoolExecutor.runWorker (ThreadPoolExecutor.java:1128)
    at java.util.concurrent.ThreadPoolExecutor$Worker.run (ThreadPoolExecutor.java:628)
    at java.lang.Thread.run (Thread.java:834)

During handling of the above exception, another exception occurred:

Traceback (most recent call last):
  File "d:\Anaconda3\lib\site-packages\django\core\handlers\exception.py", line 34, in inner
    response = get_response(request)
  File "d:\Anaconda3\lib\site-packages\django\core\handlers\base.py", line 126, in _get_response
    response = self.process_exception_by_middleware(e, request)
  File "d:\Anaconda3\lib\site-packages\django\core\handlers\base.py", line 124, in _get_response
    response = wrapped_callback(request, *callback_args, **callback_kwargs)
  File "d:\Anaconda3\lib\site-packages\django\views\decorators\csrf.py", line 54, in wrapped_view
    return view_func(*args, **kwargs)
  File "d:\Anaconda3\lib\site-packages\django\views\generic\base.py", line 68, in view
    return self.dispatch(request, *args, **kwargs)
  File "d:\Anaconda3\lib\site-packages\rest_framework\views.py", line 495, in dispatch
    response = self.handle_exception(exc)
  File "d:\Anaconda3\lib\site-packages\rest_framework\views.py", line 455, in handle_exception
    self.raise_uncaught_exception(exc)
  File "d:\Anaconda3\lib\site-packages\rest_framework\views.py", line 492, in dispatch
    response = handler(request, *args, **kwargs)
  File "e:\MyWorkSpace\Autotestplat\autotest_drf\user\views.py", line 220, in get
    data = webCase(url, host, webType, webManager)
  File "e:\MyWorkSpace\Autotestplat\autotest_drf\user\tests.py", line 194, in webCase
    print(e.value)
AttributeError: 'TimeoutException' object has no attribute 'value'
2019-04-10 15:59:33,803 ERROR "GET /api/v1/webCaseTest/?userId=1&token=a54d28b39033ab32bd60d0bc1d17958fab0296fb&testType=7&url=https:%2F%2Fmpstest.longsys.com%2F HTTP/1.1" 500 22189
2019-04-10 16:00:12,426 INFO "GET /api/v1/webCase/?userId=1&token=a54d28b39033ab32bd60d0bc1d17958fab0296fb&testType=7 HTTP/1.1" 200 2602
2019-04-10 16:00:12,428 INFO "GET /api/v1/checkWebCase/?userId=1&token=a54d28b39033ab32bd60d0bc1d17958fab0296fb&testType=7 HTTP/1.1" 200 330
2019-04-10 16:02:05,284 ERROR Internal Server Error: /api/v1/webCaseTest/
Traceback (most recent call last):
  File "e:\MyWorkSpace\Autotestplat\autotest_drf\user\tests.py", line 185, in webCase
    message='-%s' % (webCase.webcss))
  File "d:\Anaconda3\lib\site-packages\selenium\webdriver\support\wait.py", line 80, in until
    raise TimeoutException(message, screen, stacktrace)
selenium.common.exceptions.TimeoutException: Message: -.info-item:nth-of-type(1) .el-input__inner
Screenshot: available via screen
Stacktrace:
    at jdk.internal.reflect.NativeConstructorAccessorImpl.newInstance0 (NativeConstructorAccessorImpl.java:-2)
    at jdk.internal.reflect.NativeConstructorAccessorImpl.newInstance (NativeConstructorAccessorImpl.java:62)
    at jdk.internal.reflect.DelegatingConstructorAccessorImpl.newInstance (DelegatingConstructorAccessorImpl.java:45)
    at java.lang.reflect.Constructor.newInstance (Constructor.java:490)
    at org.openqa.selenium.remote.ErrorHandler.createThrowable (ErrorHandler.java:193)
    at org.openqa.selenium.remote.ErrorHandler.throwIfResponseFailed (ErrorHandler.java:145)
    at org.openqa.selenium.remote.RemoteWebDriver.execute (RemoteWebDriver.java:595)
    at org.openqa.selenium.remote.RemoteWebDriver.findElement (RemoteWebDriver.java:348)
    at org.openqa.selenium.remote.RemoteWebDriver.findElementByCssSelector (RemoteWebDriver.java:437)
    at org.openqa.selenium.By$ByCssSelector.findElement (By.java:426)
    at org.openqa.selenium.remote.RemoteWebDriver.findElement (RemoteWebDriver.java:340)
    at jdk.internal.reflect.GeneratedMethodAccessor18.invoke (None:-1)
    at jdk.internal.reflect.DelegatingMethodAccessorImpl.invoke (DelegatingMethodAccessorImpl.java:43)
    at java.lang.reflect.Method.invoke (Method.java:566)
    at org.openqa.selenium.support.events.EventFiringWebDriver$2.invoke (EventFiringWebDriver.java:101)
    at com.sun.proxy.$Proxy4.findElement (None:-1)
    at org.openqa.selenium.support.events.EventFiringWebDriver.findElement (EventFiringWebDriver.java:184)
    at org.openqa.selenium.remote.server.handler.FindElement.call (FindElement.java:47)
    at org.openqa.selenium.remote.server.handler.FindElement.call (FindElement.java:1)
    at java.util.concurrent.FutureTask.run (FutureTask.java:264)
    at org.openqa.selenium.remote.server.DefaultSession$1.run (DefaultSession.java:170)
    at java.util.concurrent.ThreadPoolExecutor.runWorker (ThreadPoolExecutor.java:1128)
    at java.util.concurrent.ThreadPoolExecutor$Worker.run (ThreadPoolExecutor.java:628)
    at java.lang.Thread.run (Thread.java:834)

During handling of the above exception, another exception occurred:

Traceback (most recent call last):
  File "d:\Anaconda3\lib\site-packages\django\core\handlers\exception.py", line 34, in inner
    response = get_response(request)
  File "d:\Anaconda3\lib\site-packages\django\core\handlers\base.py", line 126, in _get_response
    response = self.process_exception_by_middleware(e, request)
  File "d:\Anaconda3\lib\site-packages\django\core\handlers\base.py", line 124, in _get_response
    response = wrapped_callback(request, *callback_args, **callback_kwargs)
  File "d:\Anaconda3\lib\site-packages\django\views\decorators\csrf.py", line 54, in wrapped_view
    return view_func(*args, **kwargs)
  File "d:\Anaconda3\lib\site-packages\django\views\generic\base.py", line 68, in view
    return self.dispatch(request, *args, **kwargs)
  File "d:\Anaconda3\lib\site-packages\rest_framework\views.py", line 495, in dispatch
    response = self.handle_exception(exc)
  File "d:\Anaconda3\lib\site-packages\rest_framework\views.py", line 455, in handle_exception
    self.raise_uncaught_exception(exc)
  File "d:\Anaconda3\lib\site-packages\rest_framework\views.py", line 492, in dispatch
    response = handler(request, *args, **kwargs)
  File "e:\MyWorkSpace\Autotestplat\autotest_drf\user\views.py", line 220, in get
    data = webCase(url, host, webType, webManager)
  File "e:\MyWorkSpace\Autotestplat\autotest_drf\user\tests.py", line 204, in webCase
    data['errmsg'] = webCase.webname + ' ' + error
NameError: name 'error' is not defined
2019-04-10 16:02:05,295 ERROR "GET /api/v1/webCaseTest/?userId=1&token=a54d28b39033ab32bd60d0bc1d17958fab0296fb&testType=7&url=https:%2F%2Fmpstest.longsys.com%2F HTTP/1.1" 500 22168
2019-04-10 16:03:58,318 INFO "GET /api/v1/webCase/?userId=1&token=a54d28b39033ab32bd60d0bc1d17958fab0296fb&testType=7 HTTP/1.1" 200 2602
2019-04-10 16:03:58,322 INFO "GET /api/v1/checkWebCase/?userId=1&token=a54d28b39033ab32bd60d0bc1d17958fab0296fb&testType=7 HTTP/1.1" 200 330
2019-04-10 16:04:09,280 INFO "GET /api/v1/webCaseTest/?userId=1&token=a54d28b39033ab32bd60d0bc1d17958fab0296fb&testType=7&url=https:%2F%2Fmpstest.longsys.com%2F HTTP/1.1" 200 110
2019-04-10 16:04:13,750 INFO "GET /api/v1/testType/?userId=1&token=a54d28b39033ab32bd60d0bc1d17958fab0296fb&object_id=6&content_type=12 HTTP/1.1" 200 454
2019-04-10 16:05:02,947 INFO "GET /api/v1/webTypeTest/?userId=1&token=a54d28b39033ab32bd60d0bc1d17958fab0296fb&object_id=6&content_type=12&url=https:%2F%2Fmpstest.longsys.com%2F HTTP/1.1" 200 89
2019-04-10 16:05:03,044 INFO "GET /api/v1/testType/?userId=1&token=a54d28b39033ab32bd60d0bc1d17958fab0296fb&object_id=6&content_type=12 HTTP/1.1" 200 455
2019-04-10 16:05:03,144 INFO "GET /api/v1/testType/?userId=1&token=a54d28b39033ab32bd60d0bc1d17958fab0296fb&object_id=6&content_type=12 HTTP/1.1" 200 455
2019-04-10 16:06:49,548 INFO "GET /api/v1/testType/?userId=1&token=a54d28b39033ab32bd60d0bc1d17958fab0296fb&object_id=6&content_type=12 HTTP/1.1" 200 455
2019-04-10 16:07:24,583 INFO "GET /api/v1/webTypeTest/?userId=1&token=a54d28b39033ab32bd60d0bc1d17958fab0296fb&object_id=6&content_type=12&url=https:%2F%2Fmpstest.longsys.com%2F HTTP/1.1" 200 78
2019-04-10 16:07:24,710 INFO "GET /api/v1/testType/?userId=1&token=a54d28b39033ab32bd60d0bc1d17958fab0296fb&object_id=6&content_type=12 HTTP/1.1" 200 455
2019-04-10 16:07:24,770 INFO "GET /api/v1/testType/?userId=1&token=a54d28b39033ab32bd60d0bc1d17958fab0296fb&object_id=6&content_type=12 HTTP/1.1" 200 455
2019-04-10 16:09:39,946 INFO "GET /api/v1/webManager/?project=52&userId=1&token=a54d28b39033ab32bd60d0bc1d17958fab0296fb HTTP/1.1" 200 575
2019-04-10 16:09:44,635 INFO "GET /api/v1/testType/?userId=1&token=a54d28b39033ab32bd60d0bc1d17958fab0296fb&object_id=6&content_type=12 HTTP/1.1" 200 455
2019-04-10 16:10:17,559 INFO "GET /api/v1/webTypeTest/?userId=1&token=a54d28b39033ab32bd60d0bc1d17958fab0296fb&object_id=6&content_type=12&url=https:%2F%2Fmpstest.longsys.com%2F HTTP/1.1" 200 78
2019-04-10 16:10:17,665 INFO "GET /api/v1/testType/?userId=1&token=a54d28b39033ab32bd60d0bc1d17958fab0296fb&object_id=6&content_type=12 HTTP/1.1" 200 455
2019-04-10 16:10:17,744 INFO "GET /api/v1/testType/?userId=1&token=a54d28b39033ab32bd60d0bc1d17958fab0296fb&object_id=6&content_type=12 HTTP/1.1" 200 455
2019-04-10 16:10:47,482 INFO "GET /api/v1/checkWebCase/?userId=1&token=a54d28b39033ab32bd60d0bc1d17958fab0296fb&testType=6 HTTP/1.1" 200 282
2019-04-10 16:10:47,500 INFO "GET /api/v1/webCase/?userId=1&token=a54d28b39033ab32bd60d0bc1d17958fab0296fb&testType=6 HTTP/1.1" 200 1012
2019-04-10 16:11:01,031 INFO "GET /api/v1/webCaseTest/?userId=1&token=a54d28b39033ab32bd60d0bc1d17958fab0296fb&testType=6&url=https:%2F%2Fmpstest.longsys.com%2F HTTP/1.1" 200 27
2019-04-10 16:11:53,110 INFO "GET /api/v1/testType/?userId=1&token=a54d28b39033ab32bd60d0bc1d17958fab0296fb&object_id=6&content_type=12 HTTP/1.1" 200 454
2019-04-10 16:11:54,935 INFO "GET /api/v1/checkWebCase/?userId=1&token=a54d28b39033ab32bd60d0bc1d17958fab0296fb&testType=6 HTTP/1.1" 200 282
2019-04-10 16:11:54,946 INFO "GET /api/v1/webCase/?userId=1&token=a54d28b39033ab32bd60d0bc1d17958fab0296fb&testType=6 HTTP/1.1" 200 1012
2019-04-10 16:11:57,580 INFO "GET /api/v1/testType/?userId=1&token=a54d28b39033ab32bd60d0bc1d17958fab0296fb&object_id=6&content_type=12 HTTP/1.1" 200 454
2019-04-10 16:12:13,781 INFO "GET /api/v1/webTypeTest/?userId=1&token=a54d28b39033ab32bd60d0bc1d17958fab0296fb&object_id=6&content_type=12&url=https:%2F%2Fmpstest.longsys.com%2F HTTP/1.1" 200 1557
2019-04-10 16:12:13,873 INFO "GET /api/v1/testType/?userId=1&token=a54d28b39033ab32bd60d0bc1d17958fab0296fb&object_id=6&content_type=12 HTTP/1.1" 200 454
2019-04-10 16:12:13,952 INFO "GET /api/v1/testType/?userId=1&token=a54d28b39033ab32bd60d0bc1d17958fab0296fb&object_id=6&content_type=12 HTTP/1.1" 200 454
2019-04-10 16:14:33,075 INFO "GET /api/v1/webTypeTest/?userId=1&token=a54d28b39033ab32bd60d0bc1d17958fab0296fb&object_id=6&content_type=12&url=https:%2F%2Fmpstest.longsys.com%2F HTTP/1.1" 200 1557
2019-04-10 16:14:33,241 INFO "GET /api/v1/testType/?userId=1&token=a54d28b39033ab32bd60d0bc1d17958fab0296fb&object_id=6&content_type=12 HTTP/1.1" 200 454
2019-04-10 16:14:33,299 INFO "GET /api/v1/testType/?userId=1&token=a54d28b39033ab32bd60d0bc1d17958fab0296fb&object_id=6&content_type=12 HTTP/1.1" 200 454
2019-04-10 16:16:00,682 INFO "GET /api/v1/webCase/?userId=1&token=a54d28b39033ab32bd60d0bc1d17958fab0296fb&testType=7 HTTP/1.1" 200 2602
2019-04-10 16:16:00,692 INFO "GET /api/v1/checkWebCase/?userId=1&token=a54d28b39033ab32bd60d0bc1d17958fab0296fb&testType=7 HTTP/1.1" 200 330
2019-04-10 16:16:31,597 INFO "OPTIONS /api/v1/webCase/28/?userId=1&token=a54d28b39033ab32bd60d0bc1d17958fab0296fb HTTP/1.1" 200 0
2019-04-10 16:16:31,658 INFO "PATCH /api/v1/webCase/28/?userId=1&token=a54d28b39033ab32bd60d0bc1d17958fab0296fb HTTP/1.1" 200 287
2019-04-10 16:16:31,753 INFO "GET /api/v1/checkWebCase/?userId=1&token=a54d28b39033ab32bd60d0bc1d17958fab0296fb&testType=7 HTTP/1.1" 200 330
2019-04-10 16:16:31,784 INFO "GET /api/v1/webCase/?userId=1&token=a54d28b39033ab32bd60d0bc1d17958fab0296fb&testType=7 HTTP/1.1" 200 2618
2019-04-10 16:16:40,310 INFO "OPTIONS /api/v1/webCase/29/?userId=1&token=a54d28b39033ab32bd60d0bc1d17958fab0296fb HTTP/1.1" 200 0
2019-04-10 16:16:40,353 INFO "PATCH /api/v1/webCase/29/?userId=1&token=a54d28b39033ab32bd60d0bc1d17958fab0296fb HTTP/1.1" 200 283
2019-04-10 16:16:40,468 INFO "GET /api/v1/checkWebCase/?userId=1&token=a54d28b39033ab32bd60d0bc1d17958fab0296fb&testType=7 HTTP/1.1" 200 330
2019-04-10 16:16:40,492 INFO "GET /api/v1/webCase/?userId=1&token=a54d28b39033ab32bd60d0bc1d17958fab0296fb&testType=7 HTTP/1.1" 200 2634
2019-04-10 16:16:45,689 INFO "GET /api/v1/testType/?userId=1&token=a54d28b39033ab32bd60d0bc1d17958fab0296fb&object_id=6&content_type=12 HTTP/1.1" 200 454
2019-04-10 16:17:17,299 INFO "GET /api/v1/webTypeTest/?userId=1&token=a54d28b39033ab32bd60d0bc1d17958fab0296fb&object_id=6&content_type=12&url=https:%2F%2Fmpstest.longsys.com%2F HTTP/1.1" 200 105
2019-04-10 16:17:17,415 INFO "GET /api/v1/testType/?userId=1&token=a54d28b39033ab32bd60d0bc1d17958fab0296fb&object_id=6&content_type=12 HTTP/1.1" 200 454
2019-04-10 16:17:17,506 INFO "GET /api/v1/testType/?userId=1&token=a54d28b39033ab32bd60d0bc1d17958fab0296fb&object_id=6&content_type=12 HTTP/1.1" 200 454
2019-04-10 16:17:42,164 INFO "GET /api/v1/webCase/?userId=1&token=a54d28b39033ab32bd60d0bc1d17958fab0296fb&testType=7 HTTP/1.1" 200 2634
2019-04-10 16:17:42,245 INFO "GET /api/v1/checkWebCase/?userId=1&token=a54d28b39033ab32bd60d0bc1d17958fab0296fb&testType=7 HTTP/1.1" 200 330
2019-04-10 16:18:06,091 INFO "PATCH /api/v1/webCase/28/?userId=1&token=a54d28b39033ab32bd60d0bc1d17958fab0296fb HTTP/1.1" 200 288
2019-04-10 16:18:06,176 INFO "GET /api/v1/checkWebCase/?userId=1&token=a54d28b39033ab32bd60d0bc1d17958fab0296fb&testType=7 HTTP/1.1" 200 330
2019-04-10 16:18:06,202 INFO "GET /api/v1/webCase/?userId=1&token=a54d28b39033ab32bd60d0bc1d17958fab0296fb&testType=7 HTTP/1.1" 200 2635
2019-04-10 16:18:10,648 INFO "PATCH /api/v1/webCase/29/?userId=1&token=a54d28b39033ab32bd60d0bc1d17958fab0296fb HTTP/1.1" 200 284
2019-04-10 16:18:10,758 INFO "GET /api/v1/checkWebCase/?userId=1&token=a54d28b39033ab32bd60d0bc1d17958fab0296fb&testType=7 HTTP/1.1" 200 330
2019-04-10 16:18:10,792 INFO "GET /api/v1/webCase/?userId=1&token=a54d28b39033ab32bd60d0bc1d17958fab0296fb&testType=7 HTTP/1.1" 200 2636
2019-04-10 16:18:15,208 INFO "GET /api/v1/testType/?userId=1&token=a54d28b39033ab32bd60d0bc1d17958fab0296fb&object_id=6&content_type=12 HTTP/1.1" 200 454
2019-04-10 16:22:12,792 INFO "GET /api/v1/webTypeTest/?userId=1&token=a54d28b39033ab32bd60d0bc1d17958fab0296fb&object_id=6&content_type=12&url=https:%2F%2Fmpstest.longsys.com%2F HTTP/1.1" 200 71
2019-04-10 16:22:12,925 INFO "GET /api/v1/testType/?userId=1&token=a54d28b39033ab32bd60d0bc1d17958fab0296fb&object_id=6&content_type=12 HTTP/1.1" 200 454
2019-04-10 16:22:12,989 INFO "GET /api/v1/testType/?userId=1&token=a54d28b39033ab32bd60d0bc1d17958fab0296fb&object_id=6&content_type=12 HTTP/1.1" 200 454
2019-04-10 16:22:16,803 INFO "GET /api/v1/checkWebCase/?userId=1&token=a54d28b39033ab32bd60d0bc1d17958fab0296fb&testType=6 HTTP/1.1" 200 282
2019-04-10 16:22:16,830 INFO "GET /api/v1/webCase/?userId=1&token=a54d28b39033ab32bd60d0bc1d17958fab0296fb&testType=6 HTTP/1.1" 200 1012
2019-04-10 16:22:22,332 INFO "GET /api/v1/testType/?userId=1&token=a54d28b39033ab32bd60d0bc1d17958fab0296fb&object_id=6&content_type=12 HTTP/1.1" 200 454
2019-04-10 16:22:24,580 INFO "GET /api/v1/webCase/?userId=1&token=a54d28b39033ab32bd60d0bc1d17958fab0296fb&testType=7 HTTP/1.1" 200 2636
2019-04-10 16:22:24,598 INFO "GET /api/v1/checkWebCase/?userId=1&token=a54d28b39033ab32bd60d0bc1d17958fab0296fb&testType=7 HTTP/1.1" 200 330
2019-04-10 16:22:27,895 INFO "GET /api/v1/webCase/?page=2&testType=7&token=a54d28b39033ab32bd60d0bc1d17958fab0296fb&userId=1 HTTP/1.1" 200 2610
2019-04-10 16:22:34,457 INFO "OPTIONS /api/v1/webCase/44/?userId=1&token=a54d28b39033ab32bd60d0bc1d17958fab0296fb HTTP/1.1" 200 0
2019-04-10 16:22:34,507 INFO "PATCH /api/v1/webCase/44/?userId=1&token=a54d28b39033ab32bd60d0bc1d17958fab0296fb HTTP/1.1" 200 246
2019-04-10 16:22:34,583 INFO "GET /api/v1/webCase/?userId=1&token=a54d28b39033ab32bd60d0bc1d17958fab0296fb&testType=7 HTTP/1.1" 200 2636
2019-04-10 16:22:34,622 INFO "GET /api/v1/checkWebCase/?userId=1&token=a54d28b39033ab32bd60d0bc1d17958fab0296fb&testType=7 HTTP/1.1" 200 330
2019-04-10 16:24:16,063 INFO "GET /api/v1/webCase/?page=2&testType=7&token=a54d28b39033ab32bd60d0bc1d17958fab0296fb&userId=1 HTTP/1.1" 200 2611
2019-04-10 16:31:23,675 INFO "GET /api/v1/checkWebCase/?userId=1&token=a54d28b39033ab32bd60d0bc1d17958fab0296fb&testType=7 HTTP/1.1" 200 1454
2019-04-10 16:31:23,685 INFO "GET /api/v1/webCase/?userId=1&token=a54d28b39033ab32bd60d0bc1d17958fab0296fb&testType=7 HTTP/1.1" 200 2636
2019-04-10 16:31:50,803 INFO "GET /api/v1/checkWebCase/?userId=1&token=a54d28b39033ab32bd60d0bc1d17958fab0296fb&testType=7 HTTP/1.1" 200 1454
2019-04-10 16:31:50,810 INFO "GET /api/v1/webCase/?userId=1&token=a54d28b39033ab32bd60d0bc1d17958fab0296fb&testType=7 HTTP/1.1" 200 2636
2019-04-10 16:32:31,147 INFO "GET /api/v1/testType/?userId=1&token=a54d28b39033ab32bd60d0bc1d17958fab0296fb&object_id=6&content_type=12 HTTP/1.1" 200 454
2019-04-10 16:33:18,601 INFO "GET /api/v1/webTypeTest/?userId=1&token=a54d28b39033ab32bd60d0bc1d17958fab0296fb&object_id=6&content_type=12&url=https:%2F%2Fmpstest.longsys.com%2F HTTP/1.1" 200 27
2019-04-10 16:33:18,692 INFO "GET /api/v1/testType/?userId=1&token=a54d28b39033ab32bd60d0bc1d17958fab0296fb&object_id=6&content_type=12 HTTP/1.1" 200 453
2019-04-10 16:33:18,758 INFO "GET /api/v1/testType/?userId=1&token=a54d28b39033ab32bd60d0bc1d17958fab0296fb&object_id=6&content_type=12 HTTP/1.1" 200 453
2019-04-10 16:35:43,872 INFO "GET /api/v1/webCase/?userId=1&token=a54d28b39033ab32bd60d0bc1d17958fab0296fb&testType=7 HTTP/1.1" 200 2636
2019-04-10 16:35:43,908 INFO "GET /api/v1/checkWebCase/?userId=1&token=a54d28b39033ab32bd60d0bc1d17958fab0296fb&testType=7 HTTP/1.1" 200 1454
2019-04-10 16:36:52,384 INFO "GET /api/v1/testType/?userId=1&token=a54d28b39033ab32bd60d0bc1d17958fab0296fb&object_id=6&content_type=12 HTTP/1.1" 200 453
2019-04-10 16:37:07,801 INFO "OPTIONS /api/v1/testType/?userId=1&token=a54d28b39033ab32bd60d0bc1d17958fab0296fb HTTP/1.1" 200 0
2019-04-10 16:37:07,849 INFO "POST /api/v1/testType/?userId=1&token=a54d28b39033ab32bd60d0bc1d17958fab0296fb HTTP/1.1" 201 228
2019-04-10 16:37:07,965 INFO "GET /api/v1/testType/?userId=1&token=a54d28b39033ab32bd60d0bc1d17958fab0296fb&object_id=6&content_type=12 HTTP/1.1" 200 647
2019-04-10 16:37:13,842 INFO "OPTIONS /api/v1/testType/18/?userId=1&token=a54d28b39033ab32bd60d0bc1d17958fab0296fb HTTP/1.1" 200 0
2019-04-10 16:37:13,927 INFO "PATCH /api/v1/testType/18/?userId=1&token=a54d28b39033ab32bd60d0bc1d17958fab0296fb HTTP/1.1" 200 228
2019-04-10 16:37:14,067 INFO "GET /api/v1/testType/?userId=1&token=a54d28b39033ab32bd60d0bc1d17958fab0296fb&object_id=6&content_type=12 HTTP/1.1" 200 647
2019-04-10 16:37:23,921 INFO "GET /api/v1/webCase/?userId=1&token=a54d28b39033ab32bd60d0bc1d17958fab0296fb&testType=18 HTTP/1.1" 200 52
2019-04-10 16:37:23,922 INFO "GET /api/v1/checkWebCase/?userId=1&token=a54d28b39033ab32bd60d0bc1d17958fab0296fb&testType=18 HTTP/1.1" 200 52
2019-04-10 16:39:27,101 INFO "GET /api/v1/webCase/?userId=1&token=a54d28b39033ab32bd60d0bc1d17958fab0296fb&testType=18 HTTP/1.1" 200 52
2019-04-10 16:39:27,115 INFO "GET /api/v1/checkWebCase/?userId=1&token=a54d28b39033ab32bd60d0bc1d17958fab0296fb&testType=18 HTTP/1.1" 200 339
2019-04-10 16:42:39,504 INFO "GET /api/v1/webCase/?userId=1&token=a54d28b39033ab32bd60d0bc1d17958fab0296fb&testType=18 HTTP/1.1" 200 794
2019-04-10 16:42:39,516 INFO "GET /api/v1/checkWebCase/?userId=1&token=a54d28b39033ab32bd60d0bc1d17958fab0296fb&testType=18 HTTP/1.1" 200 339
2019-04-10 16:42:46,119 INFO "GET /api/v1/testType/?userId=1&token=a54d28b39033ab32bd60d0bc1d17958fab0296fb&object_id=6&content_type=12 HTTP/1.1" 200 647
2019-04-10 16:43:56,505 INFO "GET /api/v1/webTypeTest/?userId=1&token=a54d28b39033ab32bd60d0bc1d17958fab0296fb&object_id=6&content_type=12&url=https:%2F%2Fmpstest.longsys.com%2F HTTP/1.1" 200 27
2019-04-10 16:43:56,680 INFO "GET /api/v1/testType/?userId=1&token=a54d28b39033ab32bd60d0bc1d17958fab0296fb&object_id=6&content_type=12 HTTP/1.1" 200 646
2019-04-10 16:43:56,728 INFO "GET /api/v1/testType/?userId=1&token=a54d28b39033ab32bd60d0bc1d17958fab0296fb&object_id=6&content_type=12 HTTP/1.1" 200 646
2019-04-10 16:44:11,736 INFO "GET /api/v1/webManager/?project=52&userId=1&token=a54d28b39033ab32bd60d0bc1d17958fab0296fb HTTP/1.1" 200 574
2019-04-10 16:44:14,972 INFO "GET /api/v1/testType/?userId=1&token=a54d28b39033ab32bd60d0bc1d17958fab0296fb&object_id=6&content_type=12 HTTP/1.1" 200 646
2019-04-10 16:46:47,761 INFO "GET /api/v1/checkWebCase/?userId=1&token=a54d28b39033ab32bd60d0bc1d17958fab0296fb&testType=7 HTTP/1.1" 200 1454
2019-04-10 16:46:47,793 INFO "GET /api/v1/webCase/?userId=1&token=a54d28b39033ab32bd60d0bc1d17958fab0296fb&testType=7 HTTP/1.1" 200 2636
2019-04-10 16:50:57,483 INFO "GET /api/v1/testType/?userId=1&token=a54d28b39033ab32bd60d0bc1d17958fab0296fb&object_id=6&content_type=12 HTTP/1.1" 200 646
2019-04-10 16:50:58,689 INFO "GET /api/v1/webCase/?userId=1&token=a54d28b39033ab32bd60d0bc1d17958fab0296fb&testType=7 HTTP/1.1" 200 2636
2019-04-10 16:50:58,702 INFO "GET /api/v1/checkWebCase/?userId=1&token=a54d28b39033ab32bd60d0bc1d17958fab0296fb&testType=7 HTTP/1.1" 200 1454
2019-04-10 16:51:06,242 INFO "GET /api/v1/webCase/?userId=1&token=a54d28b39033ab32bd60d0bc1d17958fab0296fb&testType=7 HTTP/1.1" 200 2636
2019-04-10 16:51:06,272 INFO "GET /api/v1/checkWebCase/?userId=1&token=a54d28b39033ab32bd60d0bc1d17958fab0296fb&testType=7 HTTP/1.1" 200 1454
2019-04-10 16:51:27,263 INFO "GET /api/v1/checkWebCase/?userId=1&token=a54d28b39033ab32bd60d0bc1d17958fab0296fb&testType=7 HTTP/1.1" 200 1729
2019-04-10 16:51:27,263 INFO "GET /api/v1/webCase/?userId=1&token=a54d28b39033ab32bd60d0bc1d17958fab0296fb&testType=7 HTTP/1.1" 200 2636
2019-04-10 16:51:37,994 INFO "GET /api/v1/testType/?userId=1&token=a54d28b39033ab32bd60d0bc1d17958fab0296fb&object_id=6&content_type=12 HTTP/1.1" 200 646
2019-04-10 16:51:39,605 INFO "GET /api/v1/webManager/?project=52&userId=1&token=a54d28b39033ab32bd60d0bc1d17958fab0296fb HTTP/1.1" 200 574
2019-04-10 16:51:41,131 INFO "GET /api/v1/project/?userId=1&token=a54d28b39033ab32bd60d0bc1d17958fab0296fb HTTP/1.1" 200 214
2019-04-10 16:51:43,737 INFO "GET /api/v1/webManager/?project=52&userId=1&token=a54d28b39033ab32bd60d0bc1d17958fab0296fb HTTP/1.1" 200 574
2019-04-10 16:51:45,058 INFO "GET /api/v1/testType/?userId=1&token=a54d28b39033ab32bd60d0bc1d17958fab0296fb&object_id=6&content_type=12 HTTP/1.1" 200 646
2019-04-10 16:52:42,758 INFO "GET /api/v1/webTypeTest/?userId=1&token=a54d28b39033ab32bd60d0bc1d17958fab0296fb&object_id=6&content_type=12&url=https:%2F%2Fmpstest.longsys.com%2F HTTP/1.1" 200 99
2019-04-10 16:52:42,849 INFO "GET /api/v1/testType/?userId=1&token=a54d28b39033ab32bd60d0bc1d17958fab0296fb&object_id=6&content_type=12 HTTP/1.1" 200 647
2019-04-10 16:52:42,955 INFO "GET /api/v1/testType/?userId=1&token=a54d28b39033ab32bd60d0bc1d17958fab0296fb&object_id=6&content_type=12 HTTP/1.1" 200 647
2019-04-10 16:54:29,326 INFO "GET /api/v1/checkWebCase/?userId=1&token=a54d28b39033ab32bd60d0bc1d17958fab0296fb&testType=7 HTTP/1.1" 200 1729
2019-04-10 16:54:29,339 INFO "GET /api/v1/webCase/?userId=1&token=a54d28b39033ab32bd60d0bc1d17958fab0296fb&testType=7 HTTP/1.1" 200 2636
2019-04-10 16:54:35,680 INFO "OPTIONS /api/v1/checkWebCase/15/?userId=1&token=a54d28b39033ab32bd60d0bc1d17958fab0296fb HTTP/1.1" 200 0
2019-04-10 16:54:35,732 INFO "DELETE /api/v1/checkWebCase/15/?userId=1&token=a54d28b39033ab32bd60d0bc1d17958fab0296fb HTTP/1.1" 204 27
2019-04-10 16:54:35,834 INFO "GET /api/v1/checkWebCase/?userId=1&token=a54d28b39033ab32bd60d0bc1d17958fab0296fb&testType=7 HTTP/1.1" 200 1454
2019-04-10 16:54:35,871 INFO "GET /api/v1/webCase/?userId=1&token=a54d28b39033ab32bd60d0bc1d17958fab0296fb&testType=7 HTTP/1.1" 200 2636
2019-04-10 16:54:39,782 INFO "GET /api/v1/testType/?userId=1&token=a54d28b39033ab32bd60d0bc1d17958fab0296fb&object_id=6&content_type=12 HTTP/1.1" 200 647
2019-04-10 16:54:40,608 INFO "GET /api/v1/webManager/?project=52&userId=1&token=a54d28b39033ab32bd60d0bc1d17958fab0296fb HTTP/1.1" 200 575
2019-04-10 16:54:42,439 INFO "GET /api/v1/testType/?userId=1&token=a54d28b39033ab32bd60d0bc1d17958fab0296fb&object_id=6&content_type=12 HTTP/1.1" 200 647
2019-04-10 16:55:29,921 INFO "GET /api/v1/webTypeTest/?userId=1&token=a54d28b39033ab32bd60d0bc1d17958fab0296fb&object_id=6&content_type=12&url=https:%2F%2Fmpstest.longsys.com%2F HTTP/1.1" 200 27
2019-04-10 16:55:30,021 INFO "GET /api/v1/testType/?userId=1&token=a54d28b39033ab32bd60d0bc1d17958fab0296fb&object_id=6&content_type=12 HTTP/1.1" 200 646
2019-04-10 16:55:30,095 INFO "GET /api/v1/testType/?userId=1&token=a54d28b39033ab32bd60d0bc1d17958fab0296fb&object_id=6&content_type=12 HTTP/1.1" 200 646
2019-04-10 16:56:04,597 INFO "OPTIONS /api/v1/testType/?userId=1&token=a54d28b39033ab32bd60d0bc1d17958fab0296fb HTTP/1.1" 200 0
2019-04-10 16:56:04,644 INFO "POST /api/v1/testType/?userId=1&token=a54d28b39033ab32bd60d0bc1d17958fab0296fb HTTP/1.1" 201 227
2019-04-10 16:56:04,693 INFO "GET /api/v1/testType/?userId=1&token=a54d28b39033ab32bd60d0bc1d17958fab0296fb&object_id=6&content_type=12 HTTP/1.1" 200 839
2019-04-10 16:56:11,095 INFO "OPTIONS /api/v1/testType/19/?userId=1&token=a54d28b39033ab32bd60d0bc1d17958fab0296fb HTTP/1.1" 200 0
2019-04-10 16:56:11,148 INFO "PATCH /api/v1/testType/19/?userId=1&token=a54d28b39033ab32bd60d0bc1d17958fab0296fb HTTP/1.1" 200 227
2019-04-10 16:56:11,223 INFO "GET /api/v1/testType/?userId=1&token=a54d28b39033ab32bd60d0bc1d17958fab0296fb&object_id=6&content_type=12 HTTP/1.1" 200 839
2019-04-10 17:00:36,827 INFO "GET /api/v1/testType/?userId=1&token=a54d28b39033ab32bd60d0bc1d17958fab0296fb&object_id=6&content_type=12 HTTP/1.1" 200 839
2019-04-10 17:00:42,506 INFO "GET /api/v1/webCase/?userId=1&token=a54d28b39033ab32bd60d0bc1d17958fab0296fb&testType=7 HTTP/1.1" 200 2636
2019-04-10 17:00:42,536 INFO "GET /api/v1/checkWebCase/?userId=1&token=a54d28b39033ab32bd60d0bc1d17958fab0296fb&testType=7 HTTP/1.1" 200 1729
2019-04-10 17:00:50,528 INFO "PATCH /api/v1/checkWebCase/15/?userId=1&token=a54d28b39033ab32bd60d0bc1d17958fab0296fb HTTP/1.1" 200 318
2019-04-10 17:00:50,618 INFO "GET /api/v1/webCase/?userId=1&token=a54d28b39033ab32bd60d0bc1d17958fab0296fb&testType=7 HTTP/1.1" 200 2636
2019-04-10 17:00:50,630 INFO "GET /api/v1/checkWebCase/?userId=1&token=a54d28b39033ab32bd60d0bc1d17958fab0296fb&testType=7 HTTP/1.1" 200 1738
2019-04-10 17:03:30,615 INFO "GET /api/v1/webCase/?userId=1&token=a54d28b39033ab32bd60d0bc1d17958fab0296fb&testType=7 HTTP/1.1" 200 2636
2019-04-10 17:03:30,627 INFO "GET /api/v1/checkWebCase/?userId=1&token=a54d28b39033ab32bd60d0bc1d17958fab0296fb&testType=7 HTTP/1.1" 200 2323
2019-04-10 17:03:39,338 INFO "GET /api/v1/testType/?userId=1&token=a54d28b39033ab32bd60d0bc1d17958fab0296fb&object_id=6&content_type=12 HTTP/1.1" 200 839
2019-04-10 17:03:45,283 INFO "DELETE /api/v1/testType/19/?userId=1&token=a54d28b39033ab32bd60d0bc1d17958fab0296fb HTTP/1.1" 204 27
2019-04-10 17:03:45,332 INFO "GET /api/v1/testType/?userId=1&token=a54d28b39033ab32bd60d0bc1d17958fab0296fb&object_id=6&content_type=12 HTTP/1.1" 200 646
2019-04-10 17:04:28,981 ERROR Internal Server Error: /api/v1/webTypeTest/
Traceback (most recent call last):
  File "e:\MyWorkSpace\Autotestplat\autotest_drf\user\tests.py", line 343, in webTest
    + '' + checkWebCase.checktext + ' != ' + text
TypeError: must be str, not NoneType

During handling of the above exception, another exception occurred:

Traceback (most recent call last):
  File "d:\Anaconda3\lib\site-packages\django\core\handlers\exception.py", line 34, in inner
    response = get_response(request)
  File "d:\Anaconda3\lib\site-packages\django\core\handlers\base.py", line 126, in _get_response
    response = self.process_exception_by_middleware(e, request)
  File "d:\Anaconda3\lib\site-packages\django\core\handlers\base.py", line 124, in _get_response
    response = wrapped_callback(request, *callback_args, **callback_kwargs)
  File "d:\Anaconda3\lib\site-packages\django\views\decorators\csrf.py", line 54, in wrapped_view
    return view_func(*args, **kwargs)
  File "d:\Anaconda3\lib\site-packages\django\views\generic\base.py", line 68, in view
    return self.dispatch(request, *args, **kwargs)
  File "d:\Anaconda3\lib\site-packages\rest_framework\views.py", line 495, in dispatch
    response = self.handle_exception(exc)
  File "d:\Anaconda3\lib\site-packages\rest_framework\views.py", line 455, in handle_exception
    self.raise_uncaught_exception(exc)
  File "d:\Anaconda3\lib\site-packages\rest_framework\views.py", line 492, in dispatch
    response = handler(request, *args, **kwargs)
  File "e:\MyWorkSpace\Autotestplat\autotest_drf\user\views.py", line 247, in get
    type='')
  File "e:\MyWorkSpace\Autotestplat\autotest_drf\user\tests.py", line 90, in wrapper
    resu = fuc(*args, **kwargs)
  File "e:\MyWorkSpace\Autotestplat\autotest_drf\user\tests.py", line 349, in webTest
    print(checkWebCase.webname + ' ' + e.msg)
AttributeError: 'TypeError' object has no attribute 'msg'
2019-04-10 17:04:28,988 ERROR "GET /api/v1/webTypeTest/?userId=1&token=a54d28b39033ab32bd60d0bc1d17958fab0296fb&object_id=6&content_type=12&url=https:%2F%2Fmpstest.longsys.com%2F HTTP/1.1" 500 20069
2019-04-10 17:04:29,202 INFO "GET /api/v1/testType/?userId=1&token=a54d28b39033ab32bd60d0bc1d17958fab0296fb&object_id=6&content_type=12 HTTP/1.1" 200 647
2019-04-10 17:06:59,427 INFO "GET /api/v1/testType/?userId=1&token=a54d28b39033ab32bd60d0bc1d17958fab0296fb&object_id=6&content_type=12 HTTP/1.1" 200 647
2019-04-10 17:07:01,150 INFO "GET /api/v1/webCase/?userId=1&token=a54d28b39033ab32bd60d0bc1d17958fab0296fb&testType=7 HTTP/1.1" 200 2636
2019-04-10 17:07:01,166 INFO "GET /api/v1/checkWebCase/?userId=1&token=a54d28b39033ab32bd60d0bc1d17958fab0296fb&testType=7 HTTP/1.1" 200 2323
2019-04-10 17:07:21,172 INFO "OPTIONS /api/v1/checkWebCase/16/?userId=1&token=a54d28b39033ab32bd60d0bc1d17958fab0296fb HTTP/1.1" 200 0
2019-04-10 17:07:21,224 INFO "PATCH /api/v1/checkWebCase/16/?userId=1&token=a54d28b39033ab32bd60d0bc1d17958fab0296fb HTTP/1.1" 200 323
2019-04-10 17:07:21,298 INFO "GET /api/v1/webCase/?userId=1&token=a54d28b39033ab32bd60d0bc1d17958fab0296fb&testType=7 HTTP/1.1" 200 2636
2019-04-10 17:07:21,310 INFO "GET /api/v1/checkWebCase/?userId=1&token=a54d28b39033ab32bd60d0bc1d17958fab0296fb&testType=7 HTTP/1.1" 200 2316
2019-04-10 17:07:46,980 INFO "GET /api/v1/testType/?userId=1&token=a54d28b39033ab32bd60d0bc1d17958fab0296fb&object_id=6&content_type=12 HTTP/1.1" 200 647
2019-04-10 17:08:28,497 ERROR Internal Server Error: /api/v1/webTypeTest/
Traceback (most recent call last):
  File "e:\MyWorkSpace\Autotestplat\autotest_drf\user\tests.py", line 343, in webTest
    + '' + checkWebCase.checktext + ' != ' + text
TypeError: must be str, not NoneType

During handling of the above exception, another exception occurred:

Traceback (most recent call last):
  File "d:\Anaconda3\lib\site-packages\django\core\handlers\exception.py", line 34, in inner
    response = get_response(request)
  File "d:\Anaconda3\lib\site-packages\django\core\handlers\base.py", line 126, in _get_response
    response = self.process_exception_by_middleware(e, request)
  File "d:\Anaconda3\lib\site-packages\django\core\handlers\base.py", line 124, in _get_response
    response = wrapped_callback(request, *callback_args, **callback_kwargs)
  File "d:\Anaconda3\lib\site-packages\django\views\decorators\csrf.py", line 54, in wrapped_view
    return view_func(*args, **kwargs)
  File "d:\Anaconda3\lib\site-packages\django\views\generic\base.py", line 68, in view
    return self.dispatch(request, *args, **kwargs)
  File "d:\Anaconda3\lib\site-packages\rest_framework\views.py", line 495, in dispatch
    response = self.handle_exception(exc)
  File "d:\Anaconda3\lib\site-packages\rest_framework\views.py", line 455, in handle_exception
    self.raise_uncaught_exception(exc)
  File "d:\Anaconda3\lib\site-packages\rest_framework\views.py", line 492, in dispatch
    response = handler(request, *args, **kwargs)
  File "e:\MyWorkSpace\Autotestplat\autotest_drf\user\views.py", line 247, in get
    type='')
  File "e:\MyWorkSpace\Autotestplat\autotest_drf\user\tests.py", line 90, in wrapper
    resu = fuc(*args, **kwargs)
  File "e:\MyWorkSpace\Autotestplat\autotest_drf\user\tests.py", line 349, in webTest
    print(checkWebCase.webname + ' ' + e.msg)
AttributeError: 'TypeError' object has no attribute 'msg'
2019-04-10 17:08:28,518 ERROR "GET /api/v1/webTypeTest/?userId=1&token=a54d28b39033ab32bd60d0bc1d17958fab0296fb&object_id=6&content_type=12&url=https:%2F%2Fmpstest.longsys.com%2F HTTP/1.1" 500 20069
2019-04-10 17:08:28,599 INFO "GET /api/v1/testType/?userId=1&token=a54d28b39033ab32bd60d0bc1d17958fab0296fb&object_id=6&content_type=12 HTTP/1.1" 200 647
2019-04-10 17:08:58,621 INFO "GET /api/v1/testType/?userId=1&token=a54d28b39033ab32bd60d0bc1d17958fab0296fb&object_id=6&content_type=12 HTTP/1.1" 200 647
2019-04-10 17:09:10,858 INFO "GET /api/v1/webCase/?userId=1&token=a54d28b39033ab32bd60d0bc1d17958fab0296fb&testType=7 HTTP/1.1" 200 2636
2019-04-10 17:09:10,876 INFO "GET /api/v1/checkWebCase/?userId=1&token=a54d28b39033ab32bd60d0bc1d17958fab0296fb&testType=7 HTTP/1.1" 200 2316
2019-04-10 17:09:35,301 INFO "OPTIONS /api/v1/checkWebCase/15/?userId=1&token=a54d28b39033ab32bd60d0bc1d17958fab0296fb HTTP/1.1" 200 0
2019-04-10 17:09:35,354 INFO "PATCH /api/v1/checkWebCase/15/?userId=1&token=a54d28b39033ab32bd60d0bc1d17958fab0296fb HTTP/1.1" 200 322
2019-04-10 17:09:35,424 INFO "GET /api/v1/checkWebCase/?userId=1&token=a54d28b39033ab32bd60d0bc1d17958fab0296fb&testType=7 HTTP/1.1" 200 2320
2019-04-10 17:09:35,432 INFO "GET /api/v1/webCase/?userId=1&token=a54d28b39033ab32bd60d0bc1d17958fab0296fb&testType=7 HTTP/1.1" 200 2636
2019-04-10 17:09:38,770 INFO "PATCH /api/v1/checkWebCase/16/?userId=1&token=a54d28b39033ab32bd60d0bc1d17958fab0296fb HTTP/1.1" 200 327
2019-04-10 17:09:38,846 INFO "GET /api/v1/checkWebCase/?userId=1&token=a54d28b39033ab32bd60d0bc1d17958fab0296fb&testType=7 HTTP/1.1" 200 2324
2019-04-10 17:09:38,852 INFO "GET /api/v1/webCase/?userId=1&token=a54d28b39033ab32bd60d0bc1d17958fab0296fb&testType=7 HTTP/1.1" 200 2636
2019-04-10 17:09:41,573 INFO "OPTIONS /api/v1/checkWebCase/17/?userId=1&token=a54d28b39033ab32bd60d0bc1d17958fab0296fb HTTP/1.1" 200 0
2019-04-10 17:09:41,623 INFO "PATCH /api/v1/checkWebCase/17/?userId=1&token=a54d28b39033ab32bd60d0bc1d17958fab0296fb HTTP/1.1" 200 327
2019-04-10 17:09:41,698 INFO "GET /api/v1/webCase/?userId=1&token=a54d28b39033ab32bd60d0bc1d17958fab0296fb&testType=7 HTTP/1.1" 200 2636
2019-04-10 17:09:41,710 INFO "GET /api/v1/checkWebCase/?userId=1&token=a54d28b39033ab32bd60d0bc1d17958fab0296fb&testType=7 HTTP/1.1" 200 2328
2019-04-10 17:09:44,636 INFO "GET /api/v1/testType/?userId=1&token=a54d28b39033ab32bd60d0bc1d17958fab0296fb&object_id=6&content_type=12 HTTP/1.1" 200 647
2019-04-10 17:10:37,129 INFO "GET /api/v1/webTypeTest/?userId=1&token=a54d28b39033ab32bd60d0bc1d17958fab0296fb&object_id=6&content_type=12&url=https:%2F%2Fmpstest.longsys.com%2F HTTP/1.1" 200 27
2019-04-10 17:10:37,195 INFO "GET /api/v1/testType/?userId=1&token=a54d28b39033ab32bd60d0bc1d17958fab0296fb&object_id=6&content_type=12 HTTP/1.1" 200 646
2019-04-10 17:10:37,272 INFO "GET /api/v1/testType/?userId=1&token=a54d28b39033ab32bd60d0bc1d17958fab0296fb&object_id=6&content_type=12 HTTP/1.1" 200 646
2019-04-10 17:14:53,224 INFO "GET /api/v1/checkWebCase/?userId=1&token=a54d28b39033ab32bd60d0bc1d17958fab0296fb&testType=6 HTTP/1.1" 200 282
2019-04-10 17:14:53,231 INFO "GET /api/v1/webCase/?userId=1&token=a54d28b39033ab32bd60d0bc1d17958fab0296fb&testType=6 HTTP/1.1" 200 1012
2019-04-10 17:14:58,415 INFO "OPTIONS /api/v1/webCase/1/?userId=1&token=a54d28b39033ab32bd60d0bc1d17958fab0296fb HTTP/1.1" 200 0
2019-04-10 17:14:58,463 INFO "PATCH /api/v1/webCase/1/?userId=1&token=a54d28b39033ab32bd60d0bc1d17958fab0296fb HTTP/1.1" 200 267
2019-04-10 17:14:58,512 INFO "GET /api/v1/checkWebCase/?userId=1&token=a54d28b39033ab32bd60d0bc1d17958fab0296fb&testType=6 HTTP/1.1" 200 282
2019-04-10 17:14:58,522 INFO "GET /api/v1/webCase/?userId=1&token=a54d28b39033ab32bd60d0bc1d17958fab0296fb&testType=6 HTTP/1.1" 200 1013
2019-04-10 17:15:07,679 ERROR Internal Server Error: /api/v1/webCaseTest/
Traceback (most recent call last):
  File "d:\Anaconda3\lib\site-packages\django\core\handlers\exception.py", line 34, in inner
    response = get_response(request)
  File "d:\Anaconda3\lib\site-packages\django\core\handlers\base.py", line 156, in _get_response
    response = self.process_exception_by_middleware(e, request)
  File "d:\Anaconda3\lib\site-packages\django\core\handlers\base.py", line 154, in _get_response
    response = response.render()
  File "d:\Anaconda3\lib\site-packages\django\template\response.py", line 106, in render
    self.content = self.rendered_content
  File "d:\Anaconda3\lib\site-packages\rest_framework\response.py", line 72, in rendered_content
    ret = renderer.render(self.data, accepted_media_type, context)
  File "d:\Anaconda3\lib\site-packages\rest_framework\renderers.py", line 107, in render
    allow_nan=not self.strict, separators=separators
  File "d:\Anaconda3\lib\site-packages\rest_framework\utils\json.py", line 28, in dumps
    return json.dumps(*args, **kwargs)
  File "d:\Anaconda3\lib\json\__init__.py", line 238, in dumps
    **kw).encode(obj)
  File "d:\Anaconda3\lib\json\encoder.py", line 199, in encode
    chunks = self.iterencode(o, _one_shot=True)
  File "d:\Anaconda3\lib\json\encoder.py", line 257, in iterencode
    return _iterencode(o, 0)
  File "d:\Anaconda3\lib\site-packages\rest_framework\utils\encoders.py", line 68, in default
    return super(JSONEncoder, self).default(obj)
  File "d:\Anaconda3\lib\json\encoder.py", line 180, in default
    o.__class__.__name__)
TypeError: Object of type 'AttributeError' is not JSON serializable
2019-04-10 17:15:07,686 ERROR "GET /api/v1/webCaseTest/?userId=1&token=a54d28b39033ab32bd60d0bc1d17958fab0296fb&testType=6&url=https:%2F%2Fmpstest.longsys.com%2F HTTP/1.1" 500 107098
2019-04-10 17:15:55,841 INFO "GET /api/v1/webCase/?userId=1&token=a54d28b39033ab32bd60d0bc1d17958fab0296fb&testType=6 HTTP/1.1" 200 1013
2019-04-10 17:15:55,842 INFO "GET /api/v1/checkWebCase/?userId=1&token=a54d28b39033ab32bd60d0bc1d17958fab0296fb&testType=6 HTTP/1.1" 200 282
2019-04-10 17:16:03,305 INFO "GET /api/v1/webCaseTest/?userId=1&token=a54d28b39033ab32bd60d0bc1d17958fab0296fb&testType=6&url=https:%2F%2Fmpstest.longsys.com%2F HTTP/1.1" 200 124
2019-04-10 17:16:22,083 INFO "GET /api/v1/webCaseTest/?userId=1&token=a54d28b39033ab32bd60d0bc1d17958fab0296fb&testType=6&url=https:%2F%2Fmpstest.longsys.com%2F HTTP/1.1" 200 124
2019-04-10 17:16:38,837 INFO "GET /api/v1/testType/?userId=1&token=a54d28b39033ab32bd60d0bc1d17958fab0296fb&object_id=6&content_type=12 HTTP/1.1" 200 647
2019-04-10 17:16:46,790 INFO "GET /api/v1/webTypeTest/?userId=1&token=a54d28b39033ab32bd60d0bc1d17958fab0296fb&object_id=6&content_type=12&url=https:%2F%2Fmpstest.longsys.com%2F HTTP/1.1" 200 124
2019-04-10 17:16:46,875 INFO "GET /api/v1/testType/?userId=1&token=a54d28b39033ab32bd60d0bc1d17958fab0296fb&object_id=6&content_type=12 HTTP/1.1" 200 647
2019-04-10 17:16:46,954 INFO "GET /api/v1/testType/?userId=1&token=a54d28b39033ab32bd60d0bc1d17958fab0296fb&object_id=6&content_type=12 HTTP/1.1" 200 647
2019-04-10 17:19:12,612 INFO "GET /api/v1/webTypeTest/?userId=1&token=a54d28b39033ab32bd60d0bc1d17958fab0296fb&object_id=6&content_type=12&url=https:%2F%2Fmpstest.longsys.com%2F HTTP/1.1" 200 137
2019-04-10 17:19:12,701 INFO "GET /api/v1/testType/?userId=1&token=a54d28b39033ab32bd60d0bc1d17958fab0296fb&object_id=6&content_type=12 HTTP/1.1" 200 647
2019-04-10 17:19:12,811 INFO "GET /api/v1/testType/?userId=1&token=a54d28b39033ab32bd60d0bc1d17958fab0296fb&object_id=6&content_type=12 HTTP/1.1" 200 647
2019-04-10 17:19:16,835 INFO "GET /api/v1/webCase/?userId=1&token=a54d28b39033ab32bd60d0bc1d17958fab0296fb&testType=6 HTTP/1.1" 200 1013
2019-04-10 17:19:16,848 INFO "GET /api/v1/checkWebCase/?userId=1&token=a54d28b39033ab32bd60d0bc1d17958fab0296fb&testType=6 HTTP/1.1" 200 282
2019-04-10 17:19:25,547 INFO "GET /api/v1/webCaseTest/?userId=1&token=a54d28b39033ab32bd60d0bc1d17958fab0296fb&testType=6&url=https:%2F%2Fmpstest.longsys.com%2F HTTP/1.1" 200 124
2019-04-10 17:19:44,772 INFO "PATCH /api/v1/webCase/1/?userId=1&token=a54d28b39033ab32bd60d0bc1d17958fab0296fb HTTP/1.1" 200 266
2019-04-10 17:19:44,860 INFO "GET /api/v1/checkWebCase/?userId=1&token=a54d28b39033ab32bd60d0bc1d17958fab0296fb&testType=6 HTTP/1.1" 200 282
2019-04-10 17:19:44,873 INFO "GET /api/v1/webCase/?userId=1&token=a54d28b39033ab32bd60d0bc1d17958fab0296fb&testType=6 HTTP/1.1" 200 1012
2019-04-10 17:19:46,205 INFO "GET /api/v1/testType/?userId=1&token=a54d28b39033ab32bd60d0bc1d17958fab0296fb&object_id=6&content_type=12 HTTP/1.1" 200 647
2019-04-10 17:19:59,284 INFO "GET /api/v1/webCase/?userId=1&token=a54d28b39033ab32bd60d0bc1d17958fab0296fb&testType=7 HTTP/1.1" 200 2636
2019-04-10 17:19:59,290 INFO "GET /api/v1/checkWebCase/?userId=1&token=a54d28b39033ab32bd60d0bc1d17958fab0296fb&testType=7 HTTP/1.1" 200 2328
2019-04-10 17:20:08,130 INFO "OPTIONS /api/v1/checkWebCase/8/?userId=1&token=a54d28b39033ab32bd60d0bc1d17958fab0296fb HTTP/1.1" 200 0
2019-04-10 17:20:08,178 INFO "PATCH /api/v1/checkWebCase/8/?userId=1&token=a54d28b39033ab32bd60d0bc1d17958fab0296fb HTTP/1.1" 200 327
2019-04-10 17:20:08,242 INFO "GET /api/v1/webCase/?userId=1&token=a54d28b39033ab32bd60d0bc1d17958fab0296fb&testType=7 HTTP/1.1" 200 2636
2019-04-10 17:20:08,254 INFO "GET /api/v1/checkWebCase/?userId=1&token=a54d28b39033ab32bd60d0bc1d17958fab0296fb&testType=7 HTTP/1.1" 200 2329
2019-04-10 17:20:10,898 INFO "GET /api/v1/testType/?userId=1&token=a54d28b39033ab32bd60d0bc1d17958fab0296fb&object_id=6&content_type=12 HTTP/1.1" 200 647
2019-04-10 17:20:48,756 INFO "GET /api/v1/webTypeTest/?userId=1&token=a54d28b39033ab32bd60d0bc1d17958fab0296fb&object_id=6&content_type=12&url=https:%2F%2Fmpstest.longsys.com%2F HTTP/1.1" 200 111
2019-04-10 17:20:48,860 INFO "GET /api/v1/testType/?userId=1&token=a54d28b39033ab32bd60d0bc1d17958fab0296fb&object_id=6&content_type=12 HTTP/1.1" 200 647
2019-04-10 17:20:48,920 INFO "GET /api/v1/testType/?userId=1&token=a54d28b39033ab32bd60d0bc1d17958fab0296fb&object_id=6&content_type=12 HTTP/1.1" 200 647
2019-04-10 17:20:58,056 INFO "GET /api/v1/checkWebCase/?userId=1&token=a54d28b39033ab32bd60d0bc1d17958fab0296fb&testType=7 HTTP/1.1" 200 2329
2019-04-10 17:20:58,068 INFO "GET /api/v1/webCase/?userId=1&token=a54d28b39033ab32bd60d0bc1d17958fab0296fb&testType=7 HTTP/1.1" 200 2636
2019-04-10 17:21:04,666 INFO "PATCH /api/v1/checkWebCase/8/?userId=1&token=a54d28b39033ab32bd60d0bc1d17958fab0296fb HTTP/1.1" 200 326
2019-04-10 17:21:04,723 INFO "GET /api/v1/checkWebCase/?userId=1&token=a54d28b39033ab32bd60d0bc1d17958fab0296fb&testType=7 HTTP/1.1" 200 2328
2019-04-10 17:21:04,729 INFO "GET /api/v1/webCase/?userId=1&token=a54d28b39033ab32bd60d0bc1d17958fab0296fb&testType=7 HTTP/1.1" 200 2636
2019-04-10 17:21:07,701 INFO "GET /api/v1/testType/?userId=1&token=a54d28b39033ab32bd60d0bc1d17958fab0296fb&object_id=6&content_type=12 HTTP/1.1" 200 647
2019-04-10 17:22:05,919 INFO "GET /api/v1/webTypeTest/?userId=1&token=a54d28b39033ab32bd60d0bc1d17958fab0296fb&object_id=6&content_type=12&url=https:%2F%2Fmpstest.longsys.com%2F HTTP/1.1" 200 27
2019-04-10 17:22:06,010 INFO "GET /api/v1/testType/?userId=1&token=a54d28b39033ab32bd60d0bc1d17958fab0296fb&object_id=6&content_type=12 HTTP/1.1" 200 646
2019-04-10 17:22:06,067 INFO "GET /api/v1/testType/?userId=1&token=a54d28b39033ab32bd60d0bc1d17958fab0296fb&object_id=6&content_type=12 HTTP/1.1" 200 646
2019-04-10 17:23:21,943 INFO "GET /api/v1/webTypeTest/?userId=1&token=a54d28b39033ab32bd60d0bc1d17958fab0296fb&object_id=6&content_type=12&url=https:%2F%2Fmpstest.longsys.com%2F HTTP/1.1" 200 27
2019-04-10 17:23:22,047 INFO "GET /api/v1/testType/?userId=1&token=a54d28b39033ab32bd60d0bc1d17958fab0296fb&object_id=6&content_type=12 HTTP/1.1" 200 646
2019-04-10 17:23:22,099 INFO "GET /api/v1/testType/?userId=1&token=a54d28b39033ab32bd60d0bc1d17958fab0296fb&object_id=6&content_type=12 HTTP/1.1" 200 646
